
WISCalculator v1.0
Author Derek Hower (drh5@cs.wisc.edu)
Type "help" for more information

Loading program...
Executing...
lbi r1, -85
INUM:        0 PC: 0x0000 REG: 1 VALUE: 0xffab
slbi r1, -64
INUM:        1 PC: 0x0002 REG: 1 VALUE: 0xabc0
lbi r2, -69
INUM:        2 PC: 0x0004 REG: 2 VALUE: 0xffbb
slbi r2, -64
INUM:        3 PC: 0x0006 REG: 2 VALUE: 0xbbc0
lbi r3, -53
INUM:        4 PC: 0x0008 REG: 3 VALUE: 0xffcb
slbi r3, -64
INUM:        5 PC: 0x000a REG: 3 VALUE: 0xcbc0
nop
INUM:        6 PC: 0x000c
nop
INUM:        7 PC: 0x000e
nop
INUM:        8 PC: 0x0010
nop
INUM:        9 PC: 0x0012
nop
INUM:       10 PC: 0x0014
ld r4, r1, 14
INUM:       11 PC: 0x0016 REG: 4 VALUE: 0x0000 ADDR: 0xabce
ld r4, r1, 12
INUM:       12 PC: 0x0018 REG: 4 VALUE: 0x0000 ADDR: 0xabcc
ld r4, r2, 14
INUM:       13 PC: 0x001a REG: 4 VALUE: 0x0000 ADDR: 0xbbce
ld r4, r2, 12
INUM:       14 PC: 0x001c REG: 4 VALUE: 0x0000 ADDR: 0xbbcc
ld r4, r3, 8
INUM:       15 PC: 0x001e REG: 4 VALUE: 0x0000 ADDR: 0xcbc8
ld r4, r2, 12
INUM:       16 PC: 0x0020 REG: 4 VALUE: 0x0000 ADDR: 0xbbcc
halt
program halted
INUM:       17 PC: 0x0022
Program Finished
