/u/s/i/sinclair/courses/cs552/spring2023/handouts/testprograms/public/rand_final/ldld_rand_large.asm SUCCESS CPI:2.6 CYCLES:2738 ICOUNT:1035 IHITRATE: 0 DHITRATE: 0
/u/s/i/sinclair/courses/cs552/spring2023/handouts/testprograms/public/rand_final/ldld_rand_small.asm SUCCESS CPI:2.6 CYCLES:2738 ICOUNT:1035 IHITRATE: 0 DHITRATE: 0
/u/s/i/sinclair/courses/cs552/spring2023/handouts/testprograms/public/rand_final/ldst_rand_large.asm SUCCESS CPI:2.9 CYCLES:2825 ICOUNT:974 IHITRATE: 0 DHITRATE: 0
/u/s/i/sinclair/courses/cs552/spring2023/handouts/testprograms/public/rand_final/ldst_rand_small.asm SUCCESS CPI:2.7 CYCLES:2601 ICOUNT:974 IHITRATE: 0 DHITRATE: 0
/u/s/i/sinclair/courses/cs552/spring2023/handouts/testprograms/public/rand_final/t_100_all.asm SUCCESS CPI:4.7 CYCLES:1480 ICOUNT:314 IHITRATE: 0 DHITRATE: 0
/u/s/i/sinclair/courses/cs552/spring2023/handouts/testprograms/public/rand_final/t_100_ctrl.asm SUCCESS CPI:4.7 CYCLES:2877 ICOUNT:611 IHITRATE: 0 DHITRATE: 0
/u/s/i/sinclair/courses/cs552/spring2023/handouts/testprograms/public/rand_final/t_100_icache.asm SUCCESS CPI:66.1 CYCLES:1256 ICOUNT:19 IHITRATE: 0 DHITRATE: 0
/u/s/i/sinclair/courses/cs552/spring2023/handouts/testprograms/public/rand_final/t_100_idcache.asm SUCCESS CPI:7.8 CYCLES:3130 ICOUNT:401 IHITRATE: 0 DHITRATE: 0
/u/s/i/sinclair/courses/cs552/spring2023/handouts/testprograms/public/rand_final/t_100_mem.asm SUCCESS CPI:4.4 CYCLES:6182 ICOUNT:1414 IHITRATE: 0 DHITRATE: 0
/u/s/i/sinclair/courses/cs552/spring2023/handouts/testprograms/public/rand_final/t_101_all.asm SUCCESS CPI:4.4 CYCLES:1866 ICOUNT:421 IHITRATE: 0 DHITRATE: 0
/u/s/i/sinclair/courses/cs552/spring2023/handouts/testprograms/public/rand_final/t_101_ctrl.asm SUCCESS CPI:4.4 CYCLES:3486 ICOUNT:799 IHITRATE: 0 DHITRATE: 0
/u/s/i/sinclair/courses/cs552/spring2023/handouts/testprograms/public/rand_final/t_101_icache.asm SUCCESS CPI:35.7 CYCLES:1465 ICOUNT:41 IHITRATE: 0 DHITRATE: 0
/u/s/i/sinclair/courses/cs552/spring2023/handouts/testprograms/public/rand_final/t_101_idcache.asm SUCCESS CPI:7.5 CYCLES:3110 ICOUNT:413 IHITRATE: 0 DHITRATE: 0
/u/s/i/sinclair/courses/cs552/spring2023/handouts/testprograms/public/rand_final/t_101_mem.asm SUCCESS CPI:4.4 CYCLES:6209 ICOUNT:1399 IHITRATE: 0 DHITRATE: 0
/u/s/i/sinclair/courses/cs552/spring2023/handouts/testprograms/public/rand_final/t_102_all.asm SUCCESS CPI:4.5 CYCLES:1564 ICOUNT:348 IHITRATE: 0 DHITRATE: 0
/u/s/i/sinclair/courses/cs552/spring2023/handouts/testprograms/public/rand_final/t_102_ctrl.asm SUCCESS CPI:4.3 CYCLES:3493 ICOUNT:803 IHITRATE: 0 DHITRATE: 0
/u/s/i/sinclair/courses/cs552/spring2023/handouts/testprograms/public/rand_final/t_102_icache.asm SUCCESS CPI:27.6 CYCLES:1630 ICOUNT:59 IHITRATE: 0 DHITRATE: 0
/u/s/i/sinclair/courses/cs552/spring2023/handouts/testprograms/public/rand_final/t_102_idcache.asm SUCCESS CPI:8.8 CYCLES:2944 ICOUNT:335 IHITRATE: 0 DHITRATE: 0
/u/s/i/sinclair/courses/cs552/spring2023/handouts/testprograms/public/rand_final/t_102_mem.asm SUCCESS CPI:4.2 CYCLES:6361 ICOUNT:1499 IHITRATE: 0 DHITRATE: 0
/u/s/i/sinclair/courses/cs552/spring2023/handouts/testprograms/public/rand_final/t_103_all.asm SUCCESS CPI:4.2 CYCLES:1821 ICOUNT:434 IHITRATE: 0 DHITRATE: 0
/u/s/i/sinclair/courses/cs552/spring2023/handouts/testprograms/public/rand_final/t_103_ctrl.asm SUCCESS CPI:4.3 CYCLES:3375 ICOUNT:776 IHITRATE: 0 DHITRATE: 0
/u/s/i/sinclair/courses/cs552/spring2023/handouts/testprograms/public/rand_final/t_103_icache.asm SUCCESS CPI:13.4 CYCLES:1663 ICOUNT:124 IHITRATE: 0 DHITRATE: 0
/u/s/i/sinclair/courses/cs552/spring2023/handouts/testprograms/public/rand_final/t_103_idcache.asm SUCCESS CPI:8.1 CYCLES:3018 ICOUNT:374 IHITRATE: 0 DHITRATE: 0
/u/s/i/sinclair/courses/cs552/spring2023/handouts/testprograms/public/rand_final/t_103_mem.asm SUCCESS CPI:4.3 CYCLES:6198 ICOUNT:1446 IHITRATE: 0 DHITRATE: 0
/u/s/i/sinclair/courses/cs552/spring2023/handouts/testprograms/public/rand_final/t_104_all.asm SUCCESS CPI:4.1 CYCLES:1819 ICOUNT:440 IHITRATE: 0 DHITRATE: 0
/u/s/i/sinclair/courses/cs552/spring2023/handouts/testprograms/public/rand_final/t_104_ctrl.asm SUCCESS CPI:4.4 CYCLES:3176 ICOUNT:724 IHITRATE: 0 DHITRATE: 0
/u/s/i/sinclair/courses/cs552/spring2023/handouts/testprograms/public/rand_final/t_104_icache.asm SUCCESS CPI:27.3 CYCLES:1284 ICOUNT:47 IHITRATE: 0 DHITRATE: 0
/u/s/i/sinclair/courses/cs552/spring2023/handouts/testprograms/public/rand_final/t_104_idcache.asm SUCCESS CPI:9.2 CYCLES:2872 ICOUNT:311 IHITRATE: 0 DHITRATE: 0
/u/s/i/sinclair/courses/cs552/spring2023/handouts/testprograms/public/rand_final/t_104_mem.asm SUCCESS CPI:4.3 CYCLES:6470 ICOUNT:1519 IHITRATE: 0 DHITRATE: 0
/u/s/i/sinclair/courses/cs552/spring2023/handouts/testprograms/public/rand_final/t_105_all.asm SUCCESS CPI:4.4 CYCLES:1901 ICOUNT:437 IHITRATE: 0 DHITRATE: 0
/u/s/i/sinclair/courses/cs552/spring2023/handouts/testprograms/public/rand_final/t_105_ctrl.asm SUCCESS CPI:4.4 CYCLES:3392 ICOUNT:763 IHITRATE: 0 DHITRATE: 0
/u/s/i/sinclair/courses/cs552/spring2023/handouts/testprograms/public/rand_final/t_105_icache.asm SUCCESS CPI:18.9 CYCLES:1398 ICOUNT:74 IHITRATE: 0 DHITRATE: 0
/u/s/i/sinclair/courses/cs552/spring2023/handouts/testprograms/public/rand_final/t_105_idcache.asm SUCCESS CPI:8.5 CYCLES:2864 ICOUNT:335 IHITRATE: 0 DHITRATE: 0
/u/s/i/sinclair/courses/cs552/spring2023/handouts/testprograms/public/rand_final/t_105_mem.asm SUCCESS CPI:4.3 CYCLES:6130 ICOUNT:1412 IHITRATE: 0 DHITRATE: 0
/u/s/i/sinclair/courses/cs552/spring2023/handouts/testprograms/public/rand_final/t_106_all.asm SUCCESS CPI:4.4 CYCLES:1953 ICOUNT:443 IHITRATE: 0 DHITRATE: 0
/u/s/i/sinclair/courses/cs552/spring2023/handouts/testprograms/public/rand_final/t_106_ctrl.asm SUCCESS CPI:4.3 CYCLES:3332 ICOUNT:769 IHITRATE: 0 DHITRATE: 0
/u/s/i/sinclair/courses/cs552/spring2023/handouts/testprograms/public/rand_final/t_106_icache.asm SUCCESS CPI:39.8 CYCLES:1511 ICOUNT:38 IHITRATE: 0 DHITRATE: 0
/u/s/i/sinclair/courses/cs552/spring2023/handouts/testprograms/public/rand_final/t_106_idcache.asm SUCCESS CPI:9.1 CYCLES:2975 ICOUNT:326 IHITRATE: 0 DHITRATE: 0
/u/s/i/sinclair/courses/cs552/spring2023/handouts/testprograms/public/rand_final/t_106_mem.asm SUCCESS CPI:4.4 CYCLES:6175 ICOUNT:1404 IHITRATE: 0 DHITRATE: 0
/u/s/i/sinclair/courses/cs552/spring2023/handouts/testprograms/public/rand_final/t_107_all.asm SUCCESS CPI:4.3 CYCLES:1745 ICOUNT:410 IHITRATE: 0 DHITRATE: 0
/u/s/i/sinclair/courses/cs552/spring2023/handouts/testprograms/public/rand_final/t_107_ctrl.asm SUCCESS CPI:4.4 CYCLES:3307 ICOUNT:753 IHITRATE: 0 DHITRATE: 0
/u/s/i/sinclair/courses/cs552/spring2023/handouts/testprograms/public/rand_final/t_107_icache.asm SUCCESS CPI:27.2 CYCLES:1387 ICOUNT:51 IHITRATE: 0 DHITRATE: 0
/u/s/i/sinclair/courses/cs552/spring2023/handouts/testprograms/public/rand_final/t_107_idcache.asm SUCCESS CPI:9.3 CYCLES:3016 ICOUNT:326 IHITRATE: 0 DHITRATE: 0
/u/s/i/sinclair/courses/cs552/spring2023/handouts/testprograms/public/rand_final/t_107_mem.asm SUCCESS CPI:4.4 CYCLES:6102 ICOUNT:1396 IHITRATE: 0 DHITRATE: 0
/u/s/i/sinclair/courses/cs552/spring2023/handouts/testprograms/public/rand_final/t_108_all.asm SUCCESS CPI:4.0 CYCLES:1757 ICOUNT:444 IHITRATE: 0 DHITRATE: 0
/u/s/i/sinclair/courses/cs552/spring2023/handouts/testprograms/public/rand_final/t_108_ctrl.asm SUCCESS CPI:4.3 CYCLES:3415 ICOUNT:787 IHITRATE: 0 DHITRATE: 0
/u/s/i/sinclair/courses/cs552/spring2023/handouts/testprograms/public/rand_final/t_108_icache.asm SUCCESS CPI:43.5 CYCLES:1174 ICOUNT:27 IHITRATE: 0 DHITRATE: 0
/u/s/i/sinclair/courses/cs552/spring2023/handouts/testprograms/public/rand_final/t_108_idcache.asm SUCCESS CPI:9.1 CYCLES:3104 ICOUNT:341 IHITRATE: 0 DHITRATE: 0
/u/s/i/sinclair/courses/cs552/spring2023/handouts/testprograms/public/rand_final/t_108_mem.asm SUCCESS CPI:4.2 CYCLES:6432 ICOUNT:1518 IHITRATE: 0 DHITRATE: 0
/u/s/i/sinclair/courses/cs552/spring2023/handouts/testprograms/public/rand_final/t_109_all.asm SUCCESS CPI:4.6 CYCLES:1447 ICOUNT:317 IHITRATE: 0 DHITRATE: 0
/u/s/i/sinclair/courses/cs552/spring2023/handouts/testprograms/public/rand_final/t_109_ctrl.asm SUCCESS CPI:4.3 CYCLES:3443 ICOUNT:796 IHITRATE: 0 DHITRATE: 0
/u/s/i/sinclair/courses/cs552/spring2023/handouts/testprograms/public/rand_final/t_109_icache.asm SUCCESS CPI:30.2 CYCLES:1452 ICOUNT:48 IHITRATE: 0 DHITRATE: 0
/u/s/i/sinclair/courses/cs552/spring2023/handouts/testprograms/public/rand_final/t_109_idcache.asm SUCCESS CPI:8.7 CYCLES:3032 ICOUNT:347 IHITRATE: 0 DHITRATE: 0
/u/s/i/sinclair/courses/cs552/spring2023/handouts/testprograms/public/rand_final/t_109_mem.asm SUCCESS CPI:4.4 CYCLES:6044 ICOUNT:1369 IHITRATE: 0 DHITRATE: 0
/u/s/i/sinclair/courses/cs552/spring2023/handouts/testprograms/public/rand_final/t_10_mem.asm SUCCESS CPI:4.3 CYCLES:6552 ICOUNT:1539 IHITRATE: 0 DHITRATE: 0
/u/s/i/sinclair/courses/cs552/spring2023/handouts/testprograms/public/rand_final/t_110_all.asm SUCCESS CPI:4.2 CYCLES:1833 ICOUNT:434 IHITRATE: 0 DHITRATE: 0
/u/s/i/sinclair/courses/cs552/spring2023/handouts/testprograms/public/rand_final/t_110_ctrl.asm SUCCESS CPI:4.2 CYCLES:3589 ICOUNT:850 IHITRATE: 0 DHITRATE: 0
/u/s/i/sinclair/courses/cs552/spring2023/handouts/testprograms/public/rand_final/t_110_icache.asm SUCCESS CPI:56.3 CYCLES:1522 ICOUNT:27 IHITRATE: 0 DHITRATE: 0
/u/s/i/sinclair/courses/cs552/spring2023/handouts/testprograms/public/rand_final/t_110_idcache.asm SUCCESS CPI:8.3 CYCLES:3221 ICOUNT:386 IHITRATE: 0 DHITRATE: 0
/u/s/i/sinclair/courses/cs552/spring2023/handouts/testprograms/public/rand_final/t_110_mem.asm SUCCESS CPI:4.3 CYCLES:6258 ICOUNT:1472 IHITRATE: 0 DHITRATE: 0
/u/s/i/sinclair/courses/cs552/spring2023/handouts/testprograms/public/rand_final/t_111_all.asm SUCCESS CPI:4.8 CYCLES:1797 ICOUNT:377 IHITRATE: 0 DHITRATE: 0
/u/s/i/sinclair/courses/cs552/spring2023/handouts/testprograms/public/rand_final/t_111_ctrl.asm SUCCESS CPI:4.3 CYCLES:3718 ICOUNT:857 IHITRATE: 0 DHITRATE: 0
/u/s/i/sinclair/courses/cs552/spring2023/handouts/testprograms/public/rand_final/t_111_icache.asm SUCCESS CPI:37.0 CYCLES:1445 ICOUNT:39 IHITRATE: 0 DHITRATE: 0
/u/s/i/sinclair/courses/cs552/spring2023/handouts/testprograms/public/rand_final/t_111_idcache.asm SUCCESS CPI:8.5 CYCLES:3338 ICOUNT:392 IHITRATE: 0 DHITRATE: 0
/u/s/i/sinclair/courses/cs552/spring2023/handouts/testprograms/public/rand_final/t_111_mem.asm SUCCESS CPI:4.4 CYCLES:6102 ICOUNT:1386 IHITRATE: 0 DHITRATE: 0
/u/s/i/sinclair/courses/cs552/spring2023/handouts/testprograms/public/rand_final/t_112_all.asm SUCCESS CPI:4.6 CYCLES:1620 ICOUNT:353 IHITRATE: 0 DHITRATE: 0
/u/s/i/sinclair/courses/cs552/spring2023/handouts/testprograms/public/rand_final/t_112_ctrl.asm SUCCESS CPI:4.4 CYCLES:3160 ICOUNT:715 IHITRATE: 0 DHITRATE: 0
/u/s/i/sinclair/courses/cs552/spring2023/handouts/testprograms/public/rand_final/t_112_icache.asm SUCCESS CPI:14.7 CYCLES:1458 ICOUNT:99 IHITRATE: 0 DHITRATE: 0
/u/s/i/sinclair/courses/cs552/spring2023/handouts/testprograms/public/rand_final/t_112_idcache.asm SUCCESS CPI:8.3 CYCLES:3372 ICOUNT:407 IHITRATE: 0 DHITRATE: 0
/u/s/i/sinclair/courses/cs552/spring2023/handouts/testprograms/public/rand_final/t_112_mem.asm SUCCESS CPI:4.4 CYCLES:5726 ICOUNT:1290 IHITRATE: 0 DHITRATE: 0
/u/s/i/sinclair/courses/cs552/spring2023/handouts/testprograms/public/rand_final/t_113_all.asm SUCCESS CPI:4.5 CYCLES:1468 ICOUNT:324 IHITRATE: 0 DHITRATE: 0
/u/s/i/sinclair/courses/cs552/spring2023/handouts/testprograms/public/rand_final/t_113_ctrl.asm SUCCESS CPI:4.6 CYCLES:3266 ICOUNT:710 IHITRATE: 0 DHITRATE: 0
/u/s/i/sinclair/courses/cs552/spring2023/handouts/testprograms/public/rand_final/t_113_icache.asm SUCCESS CPI:20.4 CYCLES:1876 ICOUNT:92 IHITRATE: 0 DHITRATE: 0
/u/s/i/sinclair/courses/cs552/spring2023/handouts/testprograms/public/rand_final/t_113_idcache.asm SUCCESS CPI:7.7 CYCLES:3123 ICOUNT:404 IHITRATE: 0 DHITRATE: 0
/u/s/i/sinclair/courses/cs552/spring2023/handouts/testprograms/public/rand_final/t_113_mem.asm SUCCESS CPI:4.3 CYCLES:6287 ICOUNT:1469 IHITRATE: 0 DHITRATE: 0
/u/s/i/sinclair/courses/cs552/spring2023/handouts/testprograms/public/rand_final/t_114_all.asm SUCCESS CPI:3.8 CYCLES:2182 ICOUNT:578 IHITRATE: 0 DHITRATE: 0
/u/s/i/sinclair/courses/cs552/spring2023/handouts/testprograms/public/rand_final/t_114_ctrl.asm SUCCESS CPI:4.2 CYCLES:3504 ICOUNT:835 IHITRATE: 0 DHITRATE: 0
/u/s/i/sinclair/courses/cs552/spring2023/handouts/testprograms/public/rand_final/t_114_icache.asm SUCCESS CPI:34.5 CYCLES:1379 ICOUNT:40 IHITRATE: 0 DHITRATE: 0
/u/s/i/sinclair/courses/cs552/spring2023/handouts/testprograms/public/rand_final/t_114_idcache.asm SUCCESS CPI:8.5 CYCLES:3015 ICOUNT:356 IHITRATE: 0 DHITRATE: 0
/u/s/i/sinclair/courses/cs552/spring2023/handouts/testprograms/public/rand_final/t_114_mem.asm SUCCESS CPI:4.2 CYCLES:6063 ICOUNT:1430 IHITRATE: 0 DHITRATE: 0
/u/s/i/sinclair/courses/cs552/spring2023/handouts/testprograms/public/rand_final/t_115_all.asm SUCCESS CPI:4.2 CYCLES:1836 ICOUNT:433 IHITRATE: 0 DHITRATE: 0
/u/s/i/sinclair/courses/cs552/spring2023/handouts/testprograms/public/rand_final/t_115_ctrl.asm SUCCESS CPI:4.3 CYCLES:3572 ICOUNT:829 IHITRATE: 0 DHITRATE: 0
/u/s/i/sinclair/courses/cs552/spring2023/handouts/testprograms/public/rand_final/t_115_icache.asm SUCCESS CPI:20.9 CYCLES:1254 ICOUNT:60 IHITRATE: 0 DHITRATE: 0
/u/s/i/sinclair/courses/cs552/spring2023/handouts/testprograms/public/rand_final/t_115_idcache.asm SUCCESS CPI:7.6 CYCLES:3236 ICOUNT:428 IHITRATE: 0 DHITRATE: 0
/u/s/i/sinclair/courses/cs552/spring2023/handouts/testprograms/public/rand_final/t_115_mem.asm SUCCESS CPI:4.3 CYCLES:6028 ICOUNT:1391 IHITRATE: 0 DHITRATE: 0
/u/s/i/sinclair/courses/cs552/spring2023/handouts/testprograms/public/rand_final/t_116_all.asm SUCCESS CPI:3.9 CYCLES:2172 ICOUNT:555 IHITRATE: 0 DHITRATE: 0
/u/s/i/sinclair/courses/cs552/spring2023/handouts/testprograms/public/rand_final/t_116_ctrl.asm SUCCESS CPI:3.9 CYCLES:4071 ICOUNT:1031 IHITRATE: 0 DHITRATE: 0
/u/s/i/sinclair/courses/cs552/spring2023/handouts/testprograms/public/rand_final/t_116_icache.asm SUCCESS CPI:18.6 CYCLES:1690 ICOUNT:91 IHITRATE: 0 DHITRATE: 0
/u/s/i/sinclair/courses/cs552/spring2023/handouts/testprograms/public/rand_final/t_116_idcache.asm SUCCESS CPI:8.8 CYCLES:3081 ICOUNT:350 IHITRATE: 0 DHITRATE: 0
/u/s/i/sinclair/courses/cs552/spring2023/handouts/testprograms/public/rand_final/t_116_mem.asm SUCCESS CPI:4.4 CYCLES:6416 ICOUNT:1466 IHITRATE: 0 DHITRATE: 0
/u/s/i/sinclair/courses/cs552/spring2023/handouts/testprograms/public/rand_final/t_117_all.asm SUCCESS CPI:4.3 CYCLES:1907 ICOUNT:444 IHITRATE: 0 DHITRATE: 0
/u/s/i/sinclair/courses/cs552/spring2023/handouts/testprograms/public/rand_final/t_117_ctrl.asm SUCCESS CPI:4.3 CYCLES:3642 ICOUNT:856 IHITRATE: 0 DHITRATE: 0
/u/s/i/sinclair/courses/cs552/spring2023/handouts/testprograms/public/rand_final/t_117_icache.asm SUCCESS CPI:17.4 CYCLES:1510 ICOUNT:87 IHITRATE: 0 DHITRATE: 0
/u/s/i/sinclair/courses/cs552/spring2023/handouts/testprograms/public/rand_final/t_117_idcache.asm SUCCESS CPI:7.9 CYCLES:3270 ICOUNT:416 IHITRATE: 0 DHITRATE: 0
/u/s/i/sinclair/courses/cs552/spring2023/handouts/testprograms/public/rand_final/t_117_mem.asm SUCCESS CPI:4.2 CYCLES:6525 ICOUNT:1541 IHITRATE: 0 DHITRATE: 0
/u/s/i/sinclair/courses/cs552/spring2023/handouts/testprograms/public/rand_final/t_118_all.asm SUCCESS CPI:4.2 CYCLES:2103 ICOUNT:496 IHITRATE: 0 DHITRATE: 0
/u/s/i/sinclair/courses/cs552/spring2023/handouts/testprograms/public/rand_final/t_118_ctrl.asm SUCCESS CPI:4.3 CYCLES:3224 ICOUNT:752 IHITRATE: 0 DHITRATE: 0
/u/s/i/sinclair/courses/cs552/spring2023/handouts/testprograms/public/rand_final/t_118_icache.asm SUCCESS CPI:56.5 CYCLES:1413 ICOUNT:25 IHITRATE: 0 DHITRATE: 0
/u/s/i/sinclair/courses/cs552/spring2023/handouts/testprograms/public/rand_final/t_118_idcache.asm SUCCESS CPI:8.8 CYCLES:2840 ICOUNT:323 IHITRATE: 0 DHITRATE: 0
/u/s/i/sinclair/courses/cs552/spring2023/handouts/testprograms/public/rand_final/t_118_mem.asm SUCCESS CPI:4.4 CYCLES:5943 ICOUNT:1340 IHITRATE: 0 DHITRATE: 0
/u/s/i/sinclair/courses/cs552/spring2023/handouts/testprograms/public/rand_final/t_119_all.asm SUCCESS CPI:4.2 CYCLES:1675 ICOUNT:402 IHITRATE: 0 DHITRATE: 0
/u/s/i/sinclair/courses/cs552/spring2023/handouts/testprograms/public/rand_final/t_119_ctrl.asm SUCCESS CPI:4.4 CYCLES:3170 ICOUNT:723 IHITRATE: 0 DHITRATE: 0
/u/s/i/sinclair/courses/cs552/spring2023/handouts/testprograms/public/rand_final/t_119_icache.asm SUCCESS CPI:38.4 CYCLES:1113 ICOUNT:29 IHITRATE: 0 DHITRATE: 0
/u/s/i/sinclair/courses/cs552/spring2023/handouts/testprograms/public/rand_final/t_119_idcache.asm SUCCESS CPI:12.3 CYCLES:1666 ICOUNT:135 IHITRATE: 0 DHITRATE: 0
/u/s/i/sinclair/courses/cs552/spring2023/handouts/testprograms/public/rand_final/t_119_mem.asm SUCCESS CPI:4.2 CYCLES:6507 ICOUNT:1537 IHITRATE: 0 DHITRATE: 0
/u/s/i/sinclair/courses/cs552/spring2023/handouts/testprograms/public/rand_final/t_11_mem.asm SUCCESS CPI:4.3 CYCLES:6644 ICOUNT:1549 IHITRATE: 0 DHITRATE: 0
/u/s/i/sinclair/courses/cs552/spring2023/handouts/testprograms/public/rand_final/t_120_all.asm SUCCESS CPI:4.6 CYCLES:1745 ICOUNT:378 IHITRATE: 0 DHITRATE: 0
/u/s/i/sinclair/courses/cs552/spring2023/handouts/testprograms/public/rand_final/t_120_ctrl.asm SUCCESS CPI:4.1 CYCLES:3518 ICOUNT:851 IHITRATE: 0 DHITRATE: 0
/u/s/i/sinclair/courses/cs552/spring2023/handouts/testprograms/public/rand_final/t_120_icache.asm SUCCESS CPI:45.5 CYCLES:1458 ICOUNT:32 IHITRATE: 0 DHITRATE: 0
/u/s/i/sinclair/courses/cs552/spring2023/handouts/testprograms/public/rand_final/t_120_idcache.asm SUCCESS CPI:8.4 CYCLES:3075 ICOUNT:368 IHITRATE: 0 DHITRATE: 0
/u/s/i/sinclair/courses/cs552/spring2023/handouts/testprograms/public/rand_final/t_120_mem.asm SUCCESS CPI:4.3 CYCLES:6248 ICOUNT:1445 IHITRATE: 0 DHITRATE: 0
/u/s/i/sinclair/courses/cs552/spring2023/handouts/testprograms/public/rand_final/t_121_all.asm SUCCESS CPI:4.7 CYCLES:1468 ICOUNT:313 IHITRATE: 0 DHITRATE: 0
/u/s/i/sinclair/courses/cs552/spring2023/handouts/testprograms/public/rand_final/t_122_all.asm SUCCESS CPI:4.5 CYCLES:1426 ICOUNT:318 IHITRATE: 0 DHITRATE: 0
/u/s/i/sinclair/courses/cs552/spring2023/handouts/testprograms/public/rand_final/t_123_all.asm SUCCESS CPI:4.1 CYCLES:2020 ICOUNT:489 IHITRATE: 0 DHITRATE: 0
/u/s/i/sinclair/courses/cs552/spring2023/handouts/testprograms/public/rand_final/t_124_all.asm SUCCESS CPI:4.0 CYCLES:1430 ICOUNT:354 IHITRATE: 0 DHITRATE: 0
/u/s/i/sinclair/courses/cs552/spring2023/handouts/testprograms/public/rand_final/t_125_all.asm SUCCESS CPI:4.5 CYCLES:2140 ICOUNT:479 IHITRATE: 0 DHITRATE: 0
/u/s/i/sinclair/courses/cs552/spring2023/handouts/testprograms/public/rand_final/t_126_all.asm SUCCESS CPI:3.9 CYCLES:2316 ICOUNT:595 IHITRATE: 0 DHITRATE: 0
/u/s/i/sinclair/courses/cs552/spring2023/handouts/testprograms/public/rand_final/t_127_all.asm SUCCESS CPI:4.2 CYCLES:1864 ICOUNT:444 IHITRATE: 0 DHITRATE: 0
/u/s/i/sinclair/courses/cs552/spring2023/handouts/testprograms/public/rand_final/t_128_all.asm SUCCESS CPI:4.6 CYCLES:1919 ICOUNT:420 IHITRATE: 0 DHITRATE: 0
/u/s/i/sinclair/courses/cs552/spring2023/handouts/testprograms/public/rand_final/t_129_all.asm SUCCESS CPI:4.4 CYCLES:1818 ICOUNT:416 IHITRATE: 0 DHITRATE: 0
/u/s/i/sinclair/courses/cs552/spring2023/handouts/testprograms/public/rand_final/t_12_mem.asm SUCCESS CPI:4.4 CYCLES:6174 ICOUNT:1411 IHITRATE: 0 DHITRATE: 0
/u/s/i/sinclair/courses/cs552/spring2023/handouts/testprograms/public/rand_final/t_130_all.asm SUCCESS CPI:3.8 CYCLES:2385 ICOUNT:635 IHITRATE: 0 DHITRATE: 0
/u/s/i/sinclair/courses/cs552/spring2023/handouts/testprograms/public/rand_final/t_131_all.asm SUCCESS CPI:4.0 CYCLES:2154 ICOUNT:532 IHITRATE: 0 DHITRATE: 0
/u/s/i/sinclair/courses/cs552/spring2023/handouts/testprograms/public/rand_final/t_132_all.asm SUCCESS CPI:4.1 CYCLES:1893 ICOUNT:464 IHITRATE: 0 DHITRATE: 0
/u/s/i/sinclair/courses/cs552/spring2023/handouts/testprograms/public/rand_final/t_133_all.asm SUCCESS CPI:4.0 CYCLES:1749 ICOUNT:436 IHITRATE: 0 DHITRATE: 0
/u/s/i/sinclair/courses/cs552/spring2023/handouts/testprograms/public/rand_final/t_134_all.asm SUCCESS CPI:4.0 CYCLES:1881 ICOUNT:468 IHITRATE: 0 DHITRATE: 0
/u/s/i/sinclair/courses/cs552/spring2023/handouts/testprograms/public/rand_final/t_135_all.asm SUCCESS CPI:3.9 CYCLES:2292 ICOUNT:592 IHITRATE: 0 DHITRATE: 0
/u/s/i/sinclair/courses/cs552/spring2023/handouts/testprograms/public/rand_final/t_136_all.asm SUCCESS CPI:4.5 CYCLES:1804 ICOUNT:405 IHITRATE: 0 DHITRATE: 0
/u/s/i/sinclair/courses/cs552/spring2023/handouts/testprograms/public/rand_final/t_137_all.asm SUCCESS CPI:3.9 CYCLES:2070 ICOUNT:530 IHITRATE: 0 DHITRATE: 0
/u/s/i/sinclair/courses/cs552/spring2023/handouts/testprograms/public/rand_final/t_138_all.asm SUCCESS CPI:3.9 CYCLES:2354 ICOUNT:604 IHITRATE: 0 DHITRATE: 0
/u/s/i/sinclair/courses/cs552/spring2023/handouts/testprograms/public/rand_final/t_139_all.asm SUCCESS CPI:4.6 CYCLES:1668 ICOUNT:360 IHITRATE: 0 DHITRATE: 0
/u/s/i/sinclair/courses/cs552/spring2023/handouts/testprograms/public/rand_final/t_13_mem.asm SUCCESS CPI:4.3 CYCLES:6149 ICOUNT:1436 IHITRATE: 0 DHITRATE: 0
/u/s/i/sinclair/courses/cs552/spring2023/handouts/testprograms/public/rand_final/t_140_all.asm SUCCESS CPI:4.2 CYCLES:1678 ICOUNT:395 IHITRATE: 0 DHITRATE: 0
/u/s/i/sinclair/courses/cs552/spring2023/handouts/testprograms/public/rand_final/t_141_all.asm SUCCESS CPI:3.9 CYCLES:1848 ICOUNT:478 IHITRATE: 0 DHITRATE: 0
/u/s/i/sinclair/courses/cs552/spring2023/handouts/testprograms/public/rand_final/t_142_all.asm SUCCESS CPI:4.1 CYCLES:1581 ICOUNT:387 IHITRATE: 0 DHITRATE: 0
/u/s/i/sinclair/courses/cs552/spring2023/handouts/testprograms/public/rand_final/t_143_all.asm SUCCESS CPI:3.8 CYCLES:1922 ICOUNT:502 IHITRATE: 0 DHITRATE: 0
/u/s/i/sinclair/courses/cs552/spring2023/handouts/testprograms/public/rand_final/t_144_all.asm SUCCESS CPI:4.6 CYCLES:1920 ICOUNT:420 IHITRATE: 0 DHITRATE: 0
/u/s/i/sinclair/courses/cs552/spring2023/handouts/testprograms/public/rand_final/t_145_all.asm SUCCESS CPI:4.1 CYCLES:1767 ICOUNT:430 IHITRATE: 0 DHITRATE: 0
/u/s/i/sinclair/courses/cs552/spring2023/handouts/testprograms/public/rand_final/t_146_all.asm SUCCESS CPI:3.9 CYCLES:2335 ICOUNT:597 IHITRATE: 0 DHITRATE: 0
/u/s/i/sinclair/courses/cs552/spring2023/handouts/testprograms/public/rand_final/t_147_all.asm SUCCESS CPI:4.1 CYCLES:1784 ICOUNT:437 IHITRATE: 0 DHITRATE: 0
/u/s/i/sinclair/courses/cs552/spring2023/handouts/testprograms/public/rand_final/t_148_all.asm SUCCESS CPI:4.2 CYCLES:1865 ICOUNT:442 IHITRATE: 0 DHITRATE: 0
/u/s/i/sinclair/courses/cs552/spring2023/handouts/testprograms/public/rand_final/t_149_all.asm SUCCESS CPI:4.1 CYCLES:1794 ICOUNT:442 IHITRATE: 0 DHITRATE: 0
/u/s/i/sinclair/courses/cs552/spring2023/handouts/testprograms/public/rand_final/t_14_mem.asm SUCCESS CPI:4.5 CYCLES:6086 ICOUNT:1360 IHITRATE: 0 DHITRATE: 0
/u/s/i/sinclair/courses/cs552/spring2023/handouts/testprograms/public/rand_final/t_150_all.asm SUCCESS CPI:4.1 CYCLES:2021 ICOUNT:488 IHITRATE: 0 DHITRATE: 0
/u/s/i/sinclair/courses/cs552/spring2023/handouts/testprograms/public/rand_final/t_15_mem.asm SUCCESS CPI:4.3 CYCLES:6225 ICOUNT:1445 IHITRATE: 0 DHITRATE: 0
/u/s/i/sinclair/courses/cs552/spring2023/handouts/testprograms/public/rand_final/t_16_mem.asm SUCCESS CPI:4.3 CYCLES:6229 ICOUNT:1443 IHITRATE: 0 DHITRATE: 0
/u/s/i/sinclair/courses/cs552/spring2023/handouts/testprograms/public/rand_final/t_17_mem.asm SUCCESS CPI:4.3 CYCLES:6331 ICOUNT:1481 IHITRATE: 0 DHITRATE: 0
/u/s/i/sinclair/courses/cs552/spring2023/handouts/testprograms/public/rand_final/t_18_mem.asm SUCCESS CPI:4.3 CYCLES:6050 ICOUNT:1397 IHITRATE: 0 DHITRATE: 0
/u/s/i/sinclair/courses/cs552/spring2023/handouts/testprograms/public/rand_final/t_19_mem.asm SUCCESS CPI:4.3 CYCLES:6011 ICOUNT:1383 IHITRATE: 0 DHITRATE: 0
