SIMLOG:: Cycle           4 PC: 00000000 I: 0000ffff R: 0   0 00000000 M: 0 0 00000000 00000000
SIMLOG:: Cycle           5 PC: 00000000 I: 0000ffff R: 0   0 00000000 M: 0 0 00000000 00000000
SIMLOG:: Cycle           6 PC: 00000000 I: 0000ffff R: 0   0 00000000 M: 0 0 00000000 00000000
SIMLOG:: Cycle           7 PC: 00000000 I: 0000c1ab R: 0   0 00000000 M: 0 0 00000000 00000000
SIMLOG:: Cycle           8 PC: 00000002 I: 0000ffff R: 0   0 00000000 M: 0 0 00000000 00000000
SIMLOG:: Cycle           9 PC: 00000002 I: 0000ffff R: 0   0 00000000 M: 0 0 00000000 00000000
SIMLOG:: Cycle          10 PC: 00000002 I: 0000ffff R: 0   0 00000000 M: 0 0 0000ffab 00000000
SIMLOG:: Cycle          11 PC: 00000002 I: 000091c0 R: 1   1 0000ffab M: 0 0 00000000 00000000
SIMLOG:: Cycle          12 PC: 00000004 I: 0000c2bb R: 0   0 00000000 M: 0 0 00000000 00000000
SIMLOG:: Cycle          13 PC: 00000006 I: 000092c0 R: 0   0 00000000 M: 0 0 00000000 00000000
SIMLOG:: Cycle          14 PC: 00000008 I: 0000ffff R: 0   0 00000000 M: 0 0 0000abc0 00000000
SIMLOG:: Cycle          15 PC: 00000008 I: 0000ffff R: 1   1 0000abc0 M: 0 0 0000ffbb 00000000
SIMLOG:: Cycle          16 PC: 00000008 I: 0000ffff R: 1   2 0000ffbb M: 0 0 0000bbc0 00000000
SIMLOG:: Cycle          17 PC: 00000008 I: 0000c3cb R: 1   2 0000bbc0 M: 0 0 00000000 00000000
SIMLOG:: Cycle          18 PC: 0000000a I: 0000ffff R: 0   0 00000000 M: 0 0 00000000 00000000
SIMLOG:: Cycle          19 PC: 0000000a I: 0000ffff R: 0   0 00000000 M: 0 0 00000000 00000000
SIMLOG:: Cycle          20 PC: 0000000a I: 0000ffff R: 0   0 00000000 M: 0 0 0000ffcb 00000000
SIMLOG:: Cycle          21 PC: 0000000a I: 000093c0 R: 1   3 0000ffcb M: 0 0 00000000 00000000
SIMLOG:: Cycle          22 PC: 0000000c I: 00000800 R: 0   0 00000000 M: 0 0 00000000 00000000
SIMLOG:: Cycle          23 PC: 0000000e I: 00000800 R: 0   0 00000000 M: 0 0 00000000 00000000
SIMLOG:: Cycle          24 PC: 00000010 I: 0000ffff R: 0   0 00000000 M: 0 0 0000cbc0 00000000
SIMLOG:: Cycle          25 PC: 00000010 I: 0000ffff R: 1   3 0000cbc0 M: 0 0 00000000 00000000
SIMLOG:: Cycle          26 PC: 00000010 I: 0000ffff R: 0   0 00000000 M: 0 0 00000000 00000000
SIMLOG:: Cycle          27 PC: 00000010 I: 00000800 R: 0   0 00000000 M: 0 0 00000000 00000000
SIMLOG:: Cycle          28 PC: 00000012 I: 0000ffff R: 0   0 00000000 M: 0 0 00000000 00000000
SIMLOG:: Cycle          29 PC: 00000012 I: 0000ffff R: 0   0 00000000 M: 0 0 00000000 00000000
SIMLOG:: Cycle          30 PC: 00000012 I: 0000ffff R: 0   0 00000000 M: 0 0 00000000 00000000
SIMLOG:: Cycle          31 PC: 00000012 I: 00000800 R: 0   0 00000000 M: 0 0 00000000 00000000
SIMLOG:: Cycle          32 PC: 00000014 I: 00000800 R: 0   0 00000000 M: 0 0 00000000 00000000
SIMLOG:: Cycle          33 PC: 00000016 I: 0000898e R: 0   0 00000000 M: 0 0 00000000 00000000
SIMLOG:: Cycle          34 PC: 00000018 I: 0000ffff R: 0   0 00000000 M: 0 0 00000000 00000000
SIMLOG:: Cycle          35 PC: 00000018 I: 0000ffff R: 0   0 00000000 M: 0 0 00000000 00000000
SIMLOG:: Cycle          36 PC: 00000018 I: 0000ffff R: 0   0 00000000 M: 0 0 0000abce 00000000
SIMLOG:: Cycle          37 PC: 00000018 I: 0000898c R: 0   0 00000000 M: 0 0 0000abce 00000000
SIMLOG:: Cycle          38 PC: 00000018 I: 0000ffff R: 0   0 00000000 M: 0 0 0000abce 00000000
SIMLOG:: Cycle          39 PC: 00000018 I: 0000ffff R: 0   0 00000000 M: 1 0 0000abce 00000000
SIMLOG:: Cycle          40 PC: 00000018 I: 0000ffff R: 1   4 00000000 M: 0 0 00000000 00000000
SIMLOG:: Cycle          41 PC: 00000018 I: 0000898c R: 0   0 00000000 M: 0 0 00000000 00000000
SIMLOG:: Cycle          42 PC: 0000001a I: 00008a8e R: 0   0 00000000 M: 0 0 00000000 00000000
SIMLOG:: Cycle          43 PC: 0000001c I: 00008a8c R: 0   0 00000000 M: 0 0 00000000 00000000
SIMLOG:: Cycle          44 PC: 0000001e I: 00008b88 R: 0   0 00000000 M: 1 0 0000abcc 00000000
SIMLOG:: Cycle          45 PC: 00000020 I: 0000ffff R: 0   4 00000000 M: 0 0 0000bbce 0000abcc
SIMLOG:: Cycle          46 PC: 00000020 I: 0000ffff R: 0   4 00000000 M: 0 0 0000bbce 0000abcc
SIMLOG:: Cycle          47 PC: 00000020 I: 0000ffff R: 0   4 00000000 M: 0 0 0000bbce 0000abcc
SIMLOG:: Cycle          48 PC: 00000020 I: 00008a8c R: 1   4 00000000 M: 1 0 0000bbce 0000abcc
SIMLOG:: Cycle          49 PC: 00000022 I: 0000ffff R: 0   4 00000000 M: 0 0 0000bbcc 0000bbce
SIMLOG:: Cycle          50 PC: 00000022 I: 0000ffff R: 0   4 00000000 M: 0 0 0000bbcc 0000bbce
SIMLOG:: Cycle          51 PC: 00000022 I: 0000ffff R: 0   4 00000000 M: 0 0 0000bbcc 0000bbce
SIMLOG:: Cycle          52 PC: 00000022 I: 00000000 R: 1   4 00000000 M: 1 0 0000bbcc 0000bbce
SIMLOG:: Cycle          53 PC: 00000022 I: 00000000 R: 0   4 00000000 M: 0 0 0000cbc8 0000bbcc
SIMLOG:: Cycle          54 PC: 00000022 I: 00000000 R: 0   4 00000000 M: 0 0 0000cbc8 0000bbcc
SIMLOG:: Cycle          55 PC: 00000022 I: 00000000 R: 0   4 00000000 M: 0 0 0000cbc8 0000bbcc
SIMLOG:: Cycle          56 PC: 00000022 I: 00000000 R: 1   4 00000000 M: 1 0 0000cbc8 0000bbcc
SIMLOG:: Cycle          57 PC: 00000022 I: 00000000 R: 0   4 00000000 M: 0 0 0000bbcc 0000cbc8
SIMLOG:: Cycle          58 PC: 00000022 I: 00000000 R: 0   4 00000000 M: 0 0 0000bbcc 0000cbc8
SIMLOG:: Cycle          59 PC: 00000022 I: 00000000 R: 0   4 00000000 M: 0 0 0000bbcc 0000cbc8
SIMLOG:: Cycle          60 PC: 00000022 I: 00000000 R: 1   4 00000000 M: 1 0 0000bbcc 0000cbc8
SIMLOG:: Cycle          61 PC: 00000022 I: 00000000 R: 1   4 00000000 M: 0 0 00000000 00000000
SIMLOG:: Processor halted

SIMLOG:: sim_cycles          61

SIMLOG:: inst_count          12

SIMLOG:: dcachehit_count           0

SIMLOG:: icachehit_count           0

SIMLOG:: dcachereq_count           0

SIMLOG:: icachereq_count           0

