Analysis & Synthesis report for mini_01
Tue Feb  6 18:58:47 2024
Quartus Prime Version 22.1std.1 Build 917 02/14/2023 SC Lite Edition


---------------------
; Table of Contents ;
---------------------
  1. Legal Notice
  2. Analysis & Synthesis Summary
  3. Analysis & Synthesis Settings
  4. Parallel Compilation
  5. Analysis & Synthesis Source Files Read
  6. Analysis & Synthesis Resource Usage Summary
  7. Analysis & Synthesis Resource Utilization by Entity
  8. Analysis & Synthesis RAM Summary
  9. Registers Removed During Synthesis
 10. General Register Statistics
 11. Inverted Register Statistics
 12. Registers Packed Into Inferred Megafunctions
 13. Multiplexer Restructuring Statistics (Restructuring Performed)
 14. Source assignments for cpu:mycpu|DM:iDM|altsyncram:data_mem_rtl_0|altsyncram_q9q1:auto_generated
 15. Source assignments for cpu:mycpu|rf:iRF|altsyncram:mem0_rtl_0|altsyncram_00q1:auto_generated
 16. Source assignments for cpu:mycpu|rf:iRF|altsyncram:mem1_rtl_0|altsyncram_00q1:auto_generated
 17. Source assignments for cpu:mycpu|IM:iIM|altsyncram:instr_mem_rtl_0|altsyncram_0ac1:auto_generated
 18. Parameter Settings for Inferred Entity Instance: cpu:mycpu|DM:iDM|altsyncram:data_mem_rtl_0
 19. Parameter Settings for Inferred Entity Instance: cpu:mycpu|rf:iRF|altsyncram:mem0_rtl_0
 20. Parameter Settings for Inferred Entity Instance: cpu:mycpu|rf:iRF|altsyncram:mem1_rtl_0
 21. Parameter Settings for Inferred Entity Instance: cpu:mycpu|IM:iIM|altsyncram:instr_mem_rtl_0
 22. altsyncram Parameter Settings by Entity Instance
 23. Port Connectivity Checks: "cpu:mycpu|IM:iIM"
 24. Port Connectivity Checks: "cpu:mycpu"
 25. Post-Synthesis Netlist Statistics for Top Partition
 26. Elapsed Time Per Partition
 27. Analysis & Synthesis Messages
 28. Analysis & Synthesis Suppressed Messages



----------------
; Legal Notice ;
----------------
Copyright (C) 2023  Intel Corporation. All rights reserved.
Your use of Intel Corporation's design tools, logic functions 
and other software and tools, and any partner logic 
functions, and any output files from any of the foregoing 
(including device programming or simulation files), and any 
associated documentation or information are expressly subject 
to the terms and conditions of the Intel Program License 
Subscription Agreement, the Intel Quartus Prime License Agreement,
the Intel FPGA IP License Agreement, or other applicable license
agreement, including, without limitation, that your use is for
the sole purpose of programming logic devices manufactured by
Intel and sold by Intel or its authorized distributors.  Please
refer to the applicable agreement for further details, at
https://fpgasoftware.intel.com/eula.



+----------------------------------------------------------------------------------+
; Analysis & Synthesis Summary                                                     ;
+---------------------------------+------------------------------------------------+
; Analysis & Synthesis Status     ; Successful - Tue Feb  6 18:58:47 2024          ;
; Quartus Prime Version           ; 22.1std.1 Build 917 02/14/2023 SC Lite Edition ;
; Revision Name                   ; mini_01                                        ;
; Top-level Entity Name           ; mini_01                                        ;
; Family                          ; Cyclone V                                      ;
; Logic utilization (in ALMs)     ; N/A                                            ;
; Total registers                 ; 238                                            ;
; Total pins                      ; 28                                             ;
; Total virtual pins              ; 0                                              ;
; Total block memory bits         ; 393,728                                        ;
; Total DSP Blocks                ; 0                                              ;
; Total HSSI RX PCSs              ; 0                                              ;
; Total HSSI PMA RX Deserializers ; 0                                              ;
; Total HSSI TX PCSs              ; 0                                              ;
; Total HSSI PMA TX Serializers   ; 0                                              ;
; Total PLLs                      ; 0                                              ;
; Total DLLs                      ; 0                                              ;
+---------------------------------+------------------------------------------------+


+---------------------------------------------------------------------------------------------------------------------------+
; Analysis & Synthesis Settings                                                                                             ;
+---------------------------------------------------------------------------------+--------------------+--------------------+
; Option                                                                          ; Setting            ; Default Value      ;
+---------------------------------------------------------------------------------+--------------------+--------------------+
; Device                                                                          ; 5CSEMA5F31C6       ;                    ;
; Top-level entity name                                                           ; mini_01            ; mini_01            ;
; Family name                                                                     ; Cyclone V          ; Cyclone V          ;
; Use smart compilation                                                           ; Off                ; Off                ;
; Enable parallel Assembler and Timing Analyzer during compilation                ; On                 ; On                 ;
; Enable compact report table                                                     ; Off                ; Off                ;
; Restructure Multiplexers                                                        ; Auto               ; Auto               ;
; MLAB Add Timing Constraints For Mixed-Port Feed-Through Mode Setting Don't Care ; Off                ; Off                ;
; Create Debugging Nodes for IP Cores                                             ; Off                ; Off                ;
; Preserve fewer node names                                                       ; On                 ; On                 ;
; Intel FPGA IP Evaluation Mode                                                   ; Enable             ; Enable             ;
; Verilog Version                                                                 ; Verilog_2001       ; Verilog_2001       ;
; VHDL Version                                                                    ; VHDL_1993          ; VHDL_1993          ;
; State Machine Processing                                                        ; Auto               ; Auto               ;
; Safe State Machine                                                              ; Off                ; Off                ;
; Extract Verilog State Machines                                                  ; On                 ; On                 ;
; Extract VHDL State Machines                                                     ; On                 ; On                 ;
; Ignore Verilog initial constructs                                               ; Off                ; Off                ;
; Iteration limit for constant Verilog loops                                      ; 5000               ; 5000               ;
; Iteration limit for non-constant Verilog loops                                  ; 250                ; 250                ;
; Add Pass-Through Logic to Inferred RAMs                                         ; On                 ; On                 ;
; Infer RAMs from Raw Logic                                                       ; On                 ; On                 ;
; Parallel Synthesis                                                              ; On                 ; On                 ;
; DSP Block Balancing                                                             ; Auto               ; Auto               ;
; NOT Gate Push-Back                                                              ; On                 ; On                 ;
; Power-Up Don't Care                                                             ; On                 ; On                 ;
; Remove Redundant Logic Cells                                                    ; Off                ; Off                ;
; Remove Duplicate Registers                                                      ; On                 ; On                 ;
; Ignore CARRY Buffers                                                            ; Off                ; Off                ;
; Ignore CASCADE Buffers                                                          ; Off                ; Off                ;
; Ignore GLOBAL Buffers                                                           ; Off                ; Off                ;
; Ignore ROW GLOBAL Buffers                                                       ; Off                ; Off                ;
; Ignore LCELL Buffers                                                            ; Off                ; Off                ;
; Ignore SOFT Buffers                                                             ; On                 ; On                 ;
; Limit AHDL Integers to 32 Bits                                                  ; Off                ; Off                ;
; Optimization Technique                                                          ; Balanced           ; Balanced           ;
; Carry Chain Length                                                              ; 70                 ; 70                 ;
; Auto Carry Chains                                                               ; On                 ; On                 ;
; Auto Open-Drain Pins                                                            ; On                 ; On                 ;
; Perform WYSIWYG Primitive Resynthesis                                           ; Off                ; Off                ;
; Auto ROM Replacement                                                            ; On                 ; On                 ;
; Auto RAM Replacement                                                            ; On                 ; On                 ;
; Auto DSP Block Replacement                                                      ; On                 ; On                 ;
; Auto Shift Register Replacement                                                 ; Auto               ; Auto               ;
; Allow Shift Register Merging across Hierarchies                                 ; Auto               ; Auto               ;
; Auto Clock Enable Replacement                                                   ; On                 ; On                 ;
; Strict RAM Replacement                                                          ; Off                ; Off                ;
; Allow Synchronous Control Signals                                               ; On                 ; On                 ;
; Force Use of Synchronous Clear Signals                                          ; Off                ; Off                ;
; Auto Resource Sharing                                                           ; Off                ; Off                ;
; Allow Any RAM Size For Recognition                                              ; Off                ; Off                ;
; Allow Any ROM Size For Recognition                                              ; Off                ; Off                ;
; Allow Any Shift Register Size For Recognition                                   ; Off                ; Off                ;
; Use LogicLock Constraints during Resource Balancing                             ; On                 ; On                 ;
; Ignore translate_off and synthesis_off directives                               ; Off                ; Off                ;
; Timing-Driven Synthesis                                                         ; On                 ; On                 ;
; Report Parameter Settings                                                       ; On                 ; On                 ;
; Report Source Assignments                                                       ; On                 ; On                 ;
; Report Connectivity Checks                                                      ; On                 ; On                 ;
; Ignore Maximum Fan-Out Assignments                                              ; Off                ; Off                ;
; Synchronization Register Chain Length                                           ; 3                  ; 3                  ;
; Power Optimization During Synthesis                                             ; Normal compilation ; Normal compilation ;
; HDL message level                                                               ; Level2             ; Level2             ;
; Suppress Register Optimization Related Messages                                 ; Off                ; Off                ;
; Number of Removed Registers Reported in Synthesis Report                        ; 5000               ; 5000               ;
; Number of Swept Nodes Reported in Synthesis Report                              ; 5000               ; 5000               ;
; Number of Inverted Registers Reported in Synthesis Report                       ; 100                ; 100                ;
; Clock MUX Protection                                                            ; On                 ; On                 ;
; Auto Gated Clock Conversion                                                     ; Off                ; Off                ;
; Block Design Naming                                                             ; Auto               ; Auto               ;
; SDC constraint protection                                                       ; Off                ; Off                ;
; Synthesis Effort                                                                ; Auto               ; Auto               ;
; Shift Register Replacement - Allow Asynchronous Clear Signal                    ; On                 ; On                 ;
; Pre-Mapping Resynthesis Optimization                                            ; Off                ; Off                ;
; Analysis & Synthesis Message Level                                              ; Medium             ; Medium             ;
; Disable Register Merging Across Hierarchies                                     ; Auto               ; Auto               ;
; Resource Aware Inference For Block RAM                                          ; On                 ; On                 ;
; Automatic Parallel Synthesis                                                    ; On                 ; On                 ;
; Partial Reconfiguration Bitstream ID                                            ; Off                ; Off                ;
+---------------------------------------------------------------------------------+--------------------+--------------------+


+------------------------------------------+
; Parallel Compilation                     ;
+----------------------------+-------------+
; Processors                 ; Number      ;
+----------------------------+-------------+
; Number detected on machine ; 6           ;
; Maximum allowed            ; 6           ;
;                            ;             ;
; Average used               ; 1.00        ;
; Maximum used               ; 6           ;
;                            ;             ;
; Usage by Processor         ; % Time Used ;
;     Processor 1            ; 100.0%      ;
;     Processor 2            ;   0.0%      ;
;     Processor 3            ;   0.0%      ;
;     Processor 4            ;   0.0%      ;
;     Processor 5            ;   0.0%      ;
;     Processor 6            ;   0.0%      ;
+----------------------------+-------------+


+--------------------------------------------------------------------------------------------------------------------------------------------------------------------------------------------------------+
; Analysis & Synthesis Source Files Read                                                                                                                                                                 ;
+----------------------------------+-----------------+-------------------------------------------------------+---------------------------------------------------------------------------------+---------+
; File Name with User-Entered Path ; Used in Netlist ; File Type                                             ; File Name with Absolute Path                                                    ; Library ;
+----------------------------------+-----------------+-------------------------------------------------------+---------------------------------------------------------------------------------+---------+
; test.hex                         ; yes             ; User Hexadecimal (Intel-Format) File                  ; I:/win/554/Mini_0_1/test.hex                                                    ;         ;
; src_mux.v                        ; yes             ; User Verilog HDL File                                 ; I:/win/554/Mini_0_1/src_mux.v                                                   ;         ;
; rf.v                             ; yes             ; User Verilog HDL File                                 ; I:/win/554/Mini_0_1/rf.v                                                        ;         ;
; prgm_cntr.v                      ; yes             ; User Verilog HDL File                                 ; I:/win/554/Mini_0_1/prgm_cntr.v                                                 ;         ;
; instr_mem.v                      ; yes             ; User Verilog HDL File                                 ; I:/win/554/Mini_0_1/instr_mem.v                                                 ;         ;
; id.v                             ; yes             ; User Verilog HDL File                                 ; I:/win/554/Mini_0_1/id.v                                                        ;         ;
; dst_mux.v                        ; yes             ; User Verilog HDL File                                 ; I:/win/554/Mini_0_1/dst_mux.v                                                   ;         ;
; data_mem.v                       ; yes             ; User Verilog HDL File                                 ; I:/win/554/Mini_0_1/data_mem.v                                                  ;         ;
; cpu.v                            ; yes             ; User Verilog HDL File                                 ; I:/win/554/Mini_0_1/cpu.v                                                       ;         ;
; br_bool.v                        ; yes             ; User Verilog HDL File                                 ; I:/win/554/Mini_0_1/br_bool.v                                                   ;         ;
; alu.v                            ; yes             ; User Verilog HDL File                                 ; I:/win/554/Mini_0_1/alu.v                                                       ;         ;
; mini_01.v                        ; yes             ; User Verilog HDL File                                 ; I:/win/554/Mini_0_1/mini_01.v                                                   ;         ;
; reset_synch.sv                   ; yes             ; User SystemVerilog HDL File                           ; I:/win/554/Mini_0_1/reset_synch.sv                                              ;         ;
; common_params.inc                ; yes             ; Auto-Found Unspecified File                           ; I:/win/554/Mini_0_1/common_params.inc                                           ;         ;
; altsyncram.tdf                   ; yes             ; Megafunction                                          ; c:/intelfpga_lite/22.1std/quartus/libraries/megafunctions/altsyncram.tdf        ;         ;
; stratix_ram_block.inc            ; yes             ; Megafunction                                          ; c:/intelfpga_lite/22.1std/quartus/libraries/megafunctions/stratix_ram_block.inc ;         ;
; lpm_mux.inc                      ; yes             ; Megafunction                                          ; c:/intelfpga_lite/22.1std/quartus/libraries/megafunctions/lpm_mux.inc           ;         ;
; lpm_decode.inc                   ; yes             ; Megafunction                                          ; c:/intelfpga_lite/22.1std/quartus/libraries/megafunctions/lpm_decode.inc        ;         ;
; aglobal221.inc                   ; yes             ; Megafunction                                          ; c:/intelfpga_lite/22.1std/quartus/libraries/megafunctions/aglobal221.inc        ;         ;
; a_rdenreg.inc                    ; yes             ; Megafunction                                          ; c:/intelfpga_lite/22.1std/quartus/libraries/megafunctions/a_rdenreg.inc         ;         ;
; altrom.inc                       ; yes             ; Megafunction                                          ; c:/intelfpga_lite/22.1std/quartus/libraries/megafunctions/altrom.inc            ;         ;
; altram.inc                       ; yes             ; Megafunction                                          ; c:/intelfpga_lite/22.1std/quartus/libraries/megafunctions/altram.inc            ;         ;
; altdpram.inc                     ; yes             ; Megafunction                                          ; c:/intelfpga_lite/22.1std/quartus/libraries/megafunctions/altdpram.inc          ;         ;
; db/altsyncram_q9q1.tdf           ; yes             ; Auto-Generated Megafunction                           ; I:/win/554/Mini_0_1/db/altsyncram_q9q1.tdf                                      ;         ;
; db/altsyncram_00q1.tdf           ; yes             ; Auto-Generated Megafunction                           ; I:/win/554/Mini_0_1/db/altsyncram_00q1.tdf                                      ;         ;
; db/altsyncram_0ac1.tdf           ; yes             ; Auto-Generated Megafunction                           ; I:/win/554/Mini_0_1/db/altsyncram_0ac1.tdf                                      ;         ;
; db/mini_01.ram0_im_936.hdl.mif   ; yes             ; Auto-Generated Auto-Found Memory Initialization File  ; I:/win/554/Mini_0_1/db/mini_01.ram0_im_936.hdl.mif                              ;         ;
; db/decode_01a.tdf                ; yes             ; Auto-Generated Megafunction                           ; I:/win/554/Mini_0_1/db/decode_01a.tdf                                           ;         ;
; db/mux_6hb.tdf                   ; yes             ; Auto-Generated Megafunction                           ; I:/win/554/Mini_0_1/db/mux_6hb.tdf                                              ;         ;
+----------------------------------+-----------------+-------------------------------------------------------+---------------------------------------------------------------------------------+---------+


+--------------------------------------------------------------+
; Analysis & Synthesis Resource Usage Summary                  ;
+---------------------------------------------+----------------+
; Resource                                    ; Usage          ;
+---------------------------------------------+----------------+
; Estimate of Logic utilization (ALMs needed) ; 243            ;
;                                             ;                ;
; Combinational ALUT usage for logic          ; 321            ;
;     -- 7 input functions                    ; 0              ;
;     -- 6 input functions                    ; 122            ;
;     -- 5 input functions                    ; 72             ;
;     -- 4 input functions                    ; 41             ;
;     -- <=3 input functions                  ; 86             ;
;                                             ;                ;
; Dedicated logic registers                   ; 238            ;
;                                             ;                ;
; I/O pins                                    ; 28             ;
; Total MLAB memory bits                      ; 0              ;
; Total block memory bits                     ; 393728         ;
;                                             ;                ;
; Total DSP Blocks                            ; 0              ;
;                                             ;                ;
; Maximum fan-out node                        ; CLOCK_50~input ;
; Maximum fan-out                             ; 318            ;
; Total fan-out                               ; 3393           ;
; Average fan-out                             ; 4.88           ;
+---------------------------------------------+----------------+


+-------------------------------------------------------------------------------------------------------------------------------------------------------------------------------------------------------------------------------------------------------------------------------------------+
; Analysis & Synthesis Resource Utilization by Entity                                                                                                                                                                                                                                       ;
+----------------------------------------------+---------------------+---------------------------+-------------------+------------+------+--------------+--------------------------------------------------------------------------------------------------+-----------------+--------------+
; Compilation Hierarchy Node                   ; Combinational ALUTs ; Dedicated Logic Registers ; Block Memory Bits ; DSP Blocks ; Pins ; Virtual Pins ; Full Hierarchy Name                                                                              ; Entity Name     ; Library Name ;
+----------------------------------------------+---------------------+---------------------------+-------------------+------------+------+--------------+--------------------------------------------------------------------------------------------------+-----------------+--------------+
; |mini_01                                     ; 321 (0)             ; 238 (20)                  ; 393728            ; 0          ; 28   ; 0            ; |mini_01                                                                                         ; mini_01         ; work         ;
;    |cpu:mycpu|                               ; 321 (3)             ; 216 (0)                   ; 393728            ; 0          ; 0    ; 0            ; |mini_01|cpu:mycpu                                                                               ; cpu             ; work         ;
;       |DM:iDM|                               ; 1 (1)               ; 0 (0)                     ; 131072            ; 0          ; 0    ; 0            ; |mini_01|cpu:mycpu|DM:iDM                                                                        ; DM              ; work         ;
;          |altsyncram:data_mem_rtl_0|         ; 0 (0)               ; 0 (0)                     ; 131072            ; 0          ; 0    ; 0            ; |mini_01|cpu:mycpu|DM:iDM|altsyncram:data_mem_rtl_0                                              ; altsyncram      ; work         ;
;             |altsyncram_q9q1:auto_generated| ; 0 (0)               ; 0 (0)                     ; 131072            ; 0          ; 0    ; 0            ; |mini_01|cpu:mycpu|DM:iDM|altsyncram:data_mem_rtl_0|altsyncram_q9q1:auto_generated               ; altsyncram_q9q1 ; work         ;
;       |IM:iIM|                               ; 16 (0)              ; 1 (0)                     ; 262144            ; 0          ; 0    ; 0            ; |mini_01|cpu:mycpu|IM:iIM                                                                        ; IM              ; work         ;
;          |altsyncram:instr_mem_rtl_0|        ; 16 (0)              ; 1 (0)                     ; 262144            ; 0          ; 0    ; 0            ; |mini_01|cpu:mycpu|IM:iIM|altsyncram:instr_mem_rtl_0                                             ; altsyncram      ; work         ;
;             |altsyncram_0ac1:auto_generated| ; 16 (0)              ; 1 (1)                     ; 262144            ; 0          ; 0    ; 0            ; |mini_01|cpu:mycpu|IM:iIM|altsyncram:instr_mem_rtl_0|altsyncram_0ac1:auto_generated              ; altsyncram_0ac1 ; work         ;
;                |mux_6hb:mux2|                ; 16 (16)             ; 0 (0)                     ; 0                 ; 0          ; 0    ; 0            ; |mini_01|cpu:mycpu|IM:iIM|altsyncram:instr_mem_rtl_0|altsyncram_0ac1:auto_generated|mux_6hb:mux2 ; mux_6hb         ; work         ;
;       |alu:iALU|                             ; 144 (144)           ; 16 (16)                   ; 0                 ; 0          ; 0    ; 0            ; |mini_01|cpu:mycpu|alu:iALU                                                                      ; alu             ; work         ;
;       |br_bool:iBRL|                         ; 8 (8)               ; 3 (3)                     ; 0                 ; 0          ; 0    ; 0            ; |mini_01|cpu:mycpu|br_bool:iBRL                                                                  ; br_bool         ; work         ;
;       |dst_mux:iDSTMUX|                      ; 17 (17)             ; 16 (16)                   ; 0                 ; 0          ; 0    ; 0            ; |mini_01|cpu:mycpu|dst_mux:iDSTMUX                                                               ; dst_mux         ; work         ;
;       |id:iID|                               ; 43 (43)             ; 68 (68)                   ; 0                 ; 0          ; 0    ; 0            ; |mini_01|cpu:mycpu|id:iID                                                                        ; id              ; work         ;
;       |pc:iPC|                               ; 16 (16)             ; 64 (64)                   ; 0                 ; 0          ; 0    ; 0            ; |mini_01|cpu:mycpu|pc:iPC                                                                        ; pc              ; work         ;
;       |rf:iRF|                               ; 6 (6)               ; 0 (0)                     ; 512               ; 0          ; 0    ; 0            ; |mini_01|cpu:mycpu|rf:iRF                                                                        ; rf              ; work         ;
;          |altsyncram:mem0_rtl_0|             ; 0 (0)               ; 0 (0)                     ; 256               ; 0          ; 0    ; 0            ; |mini_01|cpu:mycpu|rf:iRF|altsyncram:mem0_rtl_0                                                  ; altsyncram      ; work         ;
;             |altsyncram_00q1:auto_generated| ; 0 (0)               ; 0 (0)                     ; 256               ; 0          ; 0    ; 0            ; |mini_01|cpu:mycpu|rf:iRF|altsyncram:mem0_rtl_0|altsyncram_00q1:auto_generated                   ; altsyncram_00q1 ; work         ;
;          |altsyncram:mem1_rtl_0|             ; 0 (0)               ; 0 (0)                     ; 256               ; 0          ; 0    ; 0            ; |mini_01|cpu:mycpu|rf:iRF|altsyncram:mem1_rtl_0                                                  ; altsyncram      ; work         ;
;             |altsyncram_00q1:auto_generated| ; 0 (0)               ; 0 (0)                     ; 256               ; 0          ; 0    ; 0            ; |mini_01|cpu:mycpu|rf:iRF|altsyncram:mem1_rtl_0|altsyncram_00q1:auto_generated                   ; altsyncram_00q1 ; work         ;
;       |src_mux:ISRCMUX|                      ; 67 (67)             ; 48 (48)                   ; 0                 ; 0          ; 0    ; 0            ; |mini_01|cpu:mycpu|src_mux:ISRCMUX                                                               ; src_mux         ; work         ;
;    |reset_synch:rst|                         ; 0 (0)               ; 2 (2)                     ; 0                 ; 0          ; 0    ; 0            ; |mini_01|reset_synch:rst                                                                         ; reset_synch     ; work         ;
+----------------------------------------------+---------------------+---------------------------+-------------------+------------+------+--------------+--------------------------------------------------------------------------------------------------+-----------------+--------------+
Note: For table entries with two numbers listed, the numbers in parentheses indicate the number of resources of the given type used by the specific entity alone. The numbers listed outside of parentheses indicate the total resources of the given type used by the specific entity and all of its sub-entities in the hierarchy.


+-----------------------------------------------------------------------------------------------------------------------------------------------------------------------------------------------------------------------+
; Analysis & Synthesis RAM Summary                                                                                                                                                                                      ;
+---------------------------------------------------------------------------------------+------+------------------+--------------+--------------+--------------+--------------+--------+--------------------------------+
; Name                                                                                  ; Type ; Mode             ; Port A Depth ; Port A Width ; Port B Depth ; Port B Width ; Size   ; MIF                            ;
+---------------------------------------------------------------------------------------+------+------------------+--------------+--------------+--------------+--------------+--------+--------------------------------+
; cpu:mycpu|DM:iDM|altsyncram:data_mem_rtl_0|altsyncram_q9q1:auto_generated|ALTSYNCRAM  ; AUTO ; Simple Dual Port ; 8192         ; 16           ; 8192         ; 16           ; 131072 ; None                           ;
; cpu:mycpu|IM:iIM|altsyncram:instr_mem_rtl_0|altsyncram_0ac1:auto_generated|ALTSYNCRAM ; AUTO ; ROM              ; 16536        ; 16           ; --           ; --           ; 264576 ; db/mini_01.ram0_IM_936.hdl.mif ;
; cpu:mycpu|rf:iRF|altsyncram:mem0_rtl_0|altsyncram_00q1:auto_generated|ALTSYNCRAM      ; AUTO ; Simple Dual Port ; 16           ; 16           ; 16           ; 16           ; 256    ; None                           ;
; cpu:mycpu|rf:iRF|altsyncram:mem1_rtl_0|altsyncram_00q1:auto_generated|ALTSYNCRAM      ; AUTO ; Simple Dual Port ; 16           ; 16           ; 16           ; 16           ; 256    ; None                           ;
+---------------------------------------------------------------------------------------+------+------------------+--------------+--------------+--------------+--------------+--------+--------------------------------+


+--------------------------------------------------------------------------------------------------------------------------------------+
; Registers Removed During Synthesis                                                                                                   ;
+---------------------------------------------------------------------------------------------+----------------------------------------+
; Register name                                                                               ; Reason for Removal                     ;
+---------------------------------------------------------------------------------------------+----------------------------------------+
; cpu:mycpu|IM:iIM|altsyncram:instr_mem_rtl_0|altsyncram_0ac1:auto_generated|address_reg_a[1] ; Stuck at GND due to stuck port data_in ;
; Total Number of Removed Registers = 1                                                       ;                                        ;
+---------------------------------------------------------------------------------------------+----------------------------------------+


+------------------------------------------------------+
; General Register Statistics                          ;
+----------------------------------------------+-------+
; Statistic                                    ; Value ;
+----------------------------------------------+-------+
; Total registers                              ; 238   ;
; Number of registers using Synchronous Clear  ; 32    ;
; Number of registers using Synchronous Load   ; 48    ;
; Number of registers using Asynchronous Clear ; 44    ;
; Number of registers using Asynchronous Load  ; 0     ;
; Number of registers using Clock Enable       ; 70    ;
; Number of registers using Preset             ; 0     ;
+----------------------------------------------+-------+


+--------------------------------------------------+
; Inverted Register Statistics                     ;
+----------------------------------------+---------+
; Inverted Register                      ; Fan out ;
+----------------------------------------+---------+
; cpu:mycpu|id:iID|instr_IM_ID[15]       ; 21      ;
; cpu:mycpu|id:iID|instr_IM_ID[13]       ; 20      ;
; cpu:mycpu|id:iID|instr_IM_ID[12]       ; 24      ;
; Total number of inverted registers = 3 ;         ;
+----------------------------------------+---------+


+---------------------------------------------------------------------------+
; Registers Packed Into Inferred Megafunctions                              ;
+---------------------------------+----------------------------------+------+
; Register Name                   ; Megafunction                     ; Type ;
+---------------------------------+----------------------------------+------+
; cpu:mycpu|DM:iDM|rd_data[0..15] ; cpu:mycpu|DM:iDM|data_mem_rtl_0  ; RAM  ;
; cpu:mycpu|rf:iRF|temp_p0[0..15] ; cpu:mycpu|rf:iRF|mem0_rtl_0      ; RAM  ;
; cpu:mycpu|rf:iRF|temp_p1[0..15] ; cpu:mycpu|rf:iRF|mem1_rtl_0      ; RAM  ;
; cpu:mycpu|IM:iIM|instr[0..15]   ; cpu:mycpu|IM:iIM|instr_mem_rtl_0 ; RAM  ;
+---------------------------------+----------------------------------+------+


+----------------------------------------------------------------------------------------------------------------------------------------------------------------------+
; Multiplexer Restructuring Statistics (Restructuring Performed)                                                                                                       ;
+--------------------+-----------+---------------+----------------------+------------------------+------------+--------------------------------------------------------+
; Multiplexer Inputs ; Bus Width ; Baseline Area ; Area if Restructured ; Saving if Restructured ; Registered ; Example Multiplexer Output                             ;
+--------------------+-----------+---------------+----------------------+------------------------+------------+--------------------------------------------------------+
; 3:1                ; 16 bits   ; 32 LEs        ; 0 LEs                ; 32 LEs                 ; Yes        ; |mini_01|cpu:mycpu|src_mux:ISRCMUX|p1_ID_EX[6]         ;
; 3:1                ; 16 bits   ; 32 LEs        ; 0 LEs                ; 32 LEs                 ; Yes        ; |mini_01|cpu:mycpu|src_mux:ISRCMUX|p0_ID_EX[5]         ;
; 4:1                ; 6 bits    ; 12 LEs        ; 12 LEs               ; 0 LEs                  ; Yes        ; |mini_01|cpu:mycpu|dst_mux:iDSTMUX|rf_w_data_DM_WB[12] ;
; 4:1                ; 10 bits   ; 20 LEs        ; 20 LEs               ; 0 LEs                  ; Yes        ; |mini_01|cpu:mycpu|dst_mux:iDSTMUX|rf_w_data_DM_WB[0]  ;
; 3:1                ; 16 bits   ; 32 LEs        ; 32 LEs               ; 0 LEs                  ; No         ; |mini_01|cpu:mycpu|src_mux:ISRCMUX|RF_p0[4]            ;
; 4:1                ; 19 bits   ; 38 LEs        ; 38 LEs               ; 0 LEs                  ; No         ; |mini_01|cpu:mycpu|alu:iALU|shft_l2[9]                 ;
; 3:1                ; 5 bits    ; 10 LEs        ; 10 LEs               ; 0 LEs                  ; No         ; |mini_01|cpu:mycpu|src_mux:ISRCMUX|src0[5]             ;
; 4:1                ; 2 bits    ; 4 LEs         ; 4 LEs                ; 0 LEs                  ; No         ; |mini_01|cpu:mycpu|src_mux:ISRCMUX|src0[10]            ;
; 16:1               ; 4 bits    ; 40 LEs        ; 8 LEs                ; 32 LEs                 ; No         ; |mini_01|cpu:mycpu|id:iID|Selector3                    ;
; 5:1                ; 16 bits   ; 48 LEs        ; 48 LEs               ; 0 LEs                  ; No         ; |mini_01|cpu:mycpu|src_mux:ISRCMUX|src1[10]            ;
; 13:1               ; 4 bits    ; 32 LEs        ; 32 LEs               ; 0 LEs                  ; No         ; |mini_01|cpu:mycpu|alu:iALU|dst[9]                     ;
; 13:1               ; 4 bits    ; 32 LEs        ; 32 LEs               ; 0 LEs                  ; No         ; |mini_01|cpu:mycpu|alu:iALU|dst[4]                     ;
; 16:1               ; 4 bits    ; 40 LEs        ; 40 LEs               ; 0 LEs                  ; No         ; |mini_01|cpu:mycpu|alu:iALU|dst[2]                     ;
; 16:1               ; 4 bits    ; 40 LEs        ; 40 LEs               ; 0 LEs                  ; No         ; |mini_01|cpu:mycpu|alu:iALU|dst[13]                    ;
+--------------------+-----------+---------------+----------------------+------------------------+------------+--------------------------------------------------------+


+--------------------------------------------------------------------------------------------------+
; Source assignments for cpu:mycpu|DM:iDM|altsyncram:data_mem_rtl_0|altsyncram_q9q1:auto_generated ;
+---------------------------------+--------------------+------+------------------------------------+
; Assignment                      ; Value              ; From ; To                                 ;
+---------------------------------+--------------------+------+------------------------------------+
; OPTIMIZE_POWER_DURING_SYNTHESIS ; NORMAL_COMPILATION ; -    ; -                                  ;
+---------------------------------+--------------------+------+------------------------------------+


+----------------------------------------------------------------------------------------------+
; Source assignments for cpu:mycpu|rf:iRF|altsyncram:mem0_rtl_0|altsyncram_00q1:auto_generated ;
+---------------------------------+--------------------+------+--------------------------------+
; Assignment                      ; Value              ; From ; To                             ;
+---------------------------------+--------------------+------+--------------------------------+
; OPTIMIZE_POWER_DURING_SYNTHESIS ; NORMAL_COMPILATION ; -    ; -                              ;
+---------------------------------+--------------------+------+--------------------------------+


+----------------------------------------------------------------------------------------------+
; Source assignments for cpu:mycpu|rf:iRF|altsyncram:mem1_rtl_0|altsyncram_00q1:auto_generated ;
+---------------------------------+--------------------+------+--------------------------------+
; Assignment                      ; Value              ; From ; To                             ;
+---------------------------------+--------------------+------+--------------------------------+
; OPTIMIZE_POWER_DURING_SYNTHESIS ; NORMAL_COMPILATION ; -    ; -                              ;
+---------------------------------+--------------------+------+--------------------------------+


+---------------------------------------------------------------------------------------------------+
; Source assignments for cpu:mycpu|IM:iIM|altsyncram:instr_mem_rtl_0|altsyncram_0ac1:auto_generated ;
+---------------------------------+--------------------+------+-------------------------------------+
; Assignment                      ; Value              ; From ; To                                  ;
+---------------------------------+--------------------+------+-------------------------------------+
; OPTIMIZE_POWER_DURING_SYNTHESIS ; NORMAL_COMPILATION ; -    ; -                                   ;
+---------------------------------+--------------------+------+-------------------------------------+


+---------------------------------------------------------------------------------------------+
; Parameter Settings for Inferred Entity Instance: cpu:mycpu|DM:iDM|altsyncram:data_mem_rtl_0 ;
+------------------------------------+----------------------+---------------------------------+
; Parameter Name                     ; Value                ; Type                            ;
+------------------------------------+----------------------+---------------------------------+
; BYTE_SIZE_BLOCK                    ; 8                    ; Untyped                         ;
; AUTO_CARRY_CHAINS                  ; ON                   ; AUTO_CARRY                      ;
; IGNORE_CARRY_BUFFERS               ; OFF                  ; IGNORE_CARRY                    ;
; AUTO_CASCADE_CHAINS                ; ON                   ; AUTO_CASCADE                    ;
; IGNORE_CASCADE_BUFFERS             ; OFF                  ; IGNORE_CASCADE                  ;
; WIDTH_BYTEENA                      ; 1                    ; Untyped                         ;
; OPERATION_MODE                     ; DUAL_PORT            ; Untyped                         ;
; WIDTH_A                            ; 16                   ; Untyped                         ;
; WIDTHAD_A                          ; 13                   ; Untyped                         ;
; NUMWORDS_A                         ; 8192                 ; Untyped                         ;
; OUTDATA_REG_A                      ; UNREGISTERED         ; Untyped                         ;
; ADDRESS_ACLR_A                     ; NONE                 ; Untyped                         ;
; OUTDATA_ACLR_A                     ; NONE                 ; Untyped                         ;
; WRCONTROL_ACLR_A                   ; NONE                 ; Untyped                         ;
; INDATA_ACLR_A                      ; NONE                 ; Untyped                         ;
; BYTEENA_ACLR_A                     ; NONE                 ; Untyped                         ;
; WIDTH_B                            ; 16                   ; Untyped                         ;
; WIDTHAD_B                          ; 13                   ; Untyped                         ;
; NUMWORDS_B                         ; 8192                 ; Untyped                         ;
; INDATA_REG_B                       ; CLOCK1               ; Untyped                         ;
; WRCONTROL_WRADDRESS_REG_B          ; CLOCK1               ; Untyped                         ;
; RDCONTROL_REG_B                    ; CLOCK0               ; Untyped                         ;
; ADDRESS_REG_B                      ; CLOCK0               ; Untyped                         ;
; OUTDATA_REG_B                      ; UNREGISTERED         ; Untyped                         ;
; BYTEENA_REG_B                      ; CLOCK1               ; Untyped                         ;
; INDATA_ACLR_B                      ; NONE                 ; Untyped                         ;
; WRCONTROL_ACLR_B                   ; NONE                 ; Untyped                         ;
; ADDRESS_ACLR_B                     ; NONE                 ; Untyped                         ;
; OUTDATA_ACLR_B                     ; NONE                 ; Untyped                         ;
; RDCONTROL_ACLR_B                   ; NONE                 ; Untyped                         ;
; BYTEENA_ACLR_B                     ; NONE                 ; Untyped                         ;
; WIDTH_BYTEENA_A                    ; 1                    ; Untyped                         ;
; WIDTH_BYTEENA_B                    ; 1                    ; Untyped                         ;
; RAM_BLOCK_TYPE                     ; AUTO                 ; Untyped                         ;
; BYTE_SIZE                          ; 8                    ; Untyped                         ;
; READ_DURING_WRITE_MODE_MIXED_PORTS ; OLD_DATA             ; Untyped                         ;
; READ_DURING_WRITE_MODE_PORT_A      ; NEW_DATA_NO_NBE_READ ; Untyped                         ;
; READ_DURING_WRITE_MODE_PORT_B      ; NEW_DATA_NO_NBE_READ ; Untyped                         ;
; INIT_FILE                          ; UNUSED               ; Untyped                         ;
; INIT_FILE_LAYOUT                   ; PORT_A               ; Untyped                         ;
; MAXIMUM_DEPTH                      ; 0                    ; Untyped                         ;
; CLOCK_ENABLE_INPUT_A               ; NORMAL               ; Untyped                         ;
; CLOCK_ENABLE_INPUT_B               ; NORMAL               ; Untyped                         ;
; CLOCK_ENABLE_OUTPUT_A              ; NORMAL               ; Untyped                         ;
; CLOCK_ENABLE_OUTPUT_B              ; NORMAL               ; Untyped                         ;
; CLOCK_ENABLE_CORE_A                ; USE_INPUT_CLKEN      ; Untyped                         ;
; CLOCK_ENABLE_CORE_B                ; USE_INPUT_CLKEN      ; Untyped                         ;
; ENABLE_ECC                         ; FALSE                ; Untyped                         ;
; ECC_PIPELINE_STAGE_ENABLED         ; FALSE                ; Untyped                         ;
; WIDTH_ECCSTATUS                    ; 3                    ; Untyped                         ;
; DEVICE_FAMILY                      ; Cyclone V            ; Untyped                         ;
; CBXI_PARAMETER                     ; altsyncram_q9q1      ; Untyped                         ;
+------------------------------------+----------------------+---------------------------------+
Note: In order to hide this table in the UI and the text report file, please set the "Show Parameter Settings in Synthesis Report" option in "Analysis and Synthesis Settings -> More Settings" to "Off".


+-----------------------------------------------------------------------------------------+
; Parameter Settings for Inferred Entity Instance: cpu:mycpu|rf:iRF|altsyncram:mem0_rtl_0 ;
+------------------------------------+----------------------+-----------------------------+
; Parameter Name                     ; Value                ; Type                        ;
+------------------------------------+----------------------+-----------------------------+
; BYTE_SIZE_BLOCK                    ; 8                    ; Untyped                     ;
; AUTO_CARRY_CHAINS                  ; ON                   ; AUTO_CARRY                  ;
; IGNORE_CARRY_BUFFERS               ; OFF                  ; IGNORE_CARRY                ;
; AUTO_CASCADE_CHAINS                ; ON                   ; AUTO_CASCADE                ;
; IGNORE_CASCADE_BUFFERS             ; OFF                  ; IGNORE_CASCADE              ;
; WIDTH_BYTEENA                      ; 1                    ; Untyped                     ;
; OPERATION_MODE                     ; DUAL_PORT            ; Untyped                     ;
; WIDTH_A                            ; 16                   ; Untyped                     ;
; WIDTHAD_A                          ; 4                    ; Untyped                     ;
; NUMWORDS_A                         ; 16                   ; Untyped                     ;
; OUTDATA_REG_A                      ; UNREGISTERED         ; Untyped                     ;
; ADDRESS_ACLR_A                     ; NONE                 ; Untyped                     ;
; OUTDATA_ACLR_A                     ; NONE                 ; Untyped                     ;
; WRCONTROL_ACLR_A                   ; NONE                 ; Untyped                     ;
; INDATA_ACLR_A                      ; NONE                 ; Untyped                     ;
; BYTEENA_ACLR_A                     ; NONE                 ; Untyped                     ;
; WIDTH_B                            ; 16                   ; Untyped                     ;
; WIDTHAD_B                          ; 4                    ; Untyped                     ;
; NUMWORDS_B                         ; 16                   ; Untyped                     ;
; INDATA_REG_B                       ; CLOCK1               ; Untyped                     ;
; WRCONTROL_WRADDRESS_REG_B          ; CLOCK1               ; Untyped                     ;
; RDCONTROL_REG_B                    ; CLOCK0               ; Untyped                     ;
; ADDRESS_REG_B                      ; CLOCK0               ; Untyped                     ;
; OUTDATA_REG_B                      ; UNREGISTERED         ; Untyped                     ;
; BYTEENA_REG_B                      ; CLOCK1               ; Untyped                     ;
; INDATA_ACLR_B                      ; NONE                 ; Untyped                     ;
; WRCONTROL_ACLR_B                   ; NONE                 ; Untyped                     ;
; ADDRESS_ACLR_B                     ; NONE                 ; Untyped                     ;
; OUTDATA_ACLR_B                     ; NONE                 ; Untyped                     ;
; RDCONTROL_ACLR_B                   ; NONE                 ; Untyped                     ;
; BYTEENA_ACLR_B                     ; NONE                 ; Untyped                     ;
; WIDTH_BYTEENA_A                    ; 1                    ; Untyped                     ;
; WIDTH_BYTEENA_B                    ; 1                    ; Untyped                     ;
; RAM_BLOCK_TYPE                     ; AUTO                 ; Untyped                     ;
; BYTE_SIZE                          ; 8                    ; Untyped                     ;
; READ_DURING_WRITE_MODE_MIXED_PORTS ; OLD_DATA             ; Untyped                     ;
; READ_DURING_WRITE_MODE_PORT_A      ; NEW_DATA_NO_NBE_READ ; Untyped                     ;
; READ_DURING_WRITE_MODE_PORT_B      ; NEW_DATA_NO_NBE_READ ; Untyped                     ;
; INIT_FILE                          ; UNUSED               ; Untyped                     ;
; INIT_FILE_LAYOUT                   ; PORT_A               ; Untyped                     ;
; MAXIMUM_DEPTH                      ; 0                    ; Untyped                     ;
; CLOCK_ENABLE_INPUT_A               ; NORMAL               ; Untyped                     ;
; CLOCK_ENABLE_INPUT_B               ; NORMAL               ; Untyped                     ;
; CLOCK_ENABLE_OUTPUT_A              ; NORMAL               ; Untyped                     ;
; CLOCK_ENABLE_OUTPUT_B              ; NORMAL               ; Untyped                     ;
; CLOCK_ENABLE_CORE_A                ; USE_INPUT_CLKEN      ; Untyped                     ;
; CLOCK_ENABLE_CORE_B                ; USE_INPUT_CLKEN      ; Untyped                     ;
; ENABLE_ECC                         ; FALSE                ; Untyped                     ;
; ECC_PIPELINE_STAGE_ENABLED         ; FALSE                ; Untyped                     ;
; WIDTH_ECCSTATUS                    ; 3                    ; Untyped                     ;
; DEVICE_FAMILY                      ; Cyclone V            ; Untyped                     ;
; CBXI_PARAMETER                     ; altsyncram_00q1      ; Untyped                     ;
+------------------------------------+----------------------+-----------------------------+
Note: In order to hide this table in the UI and the text report file, please set the "Show Parameter Settings in Synthesis Report" option in "Analysis and Synthesis Settings -> More Settings" to "Off".


+-----------------------------------------------------------------------------------------+
; Parameter Settings for Inferred Entity Instance: cpu:mycpu|rf:iRF|altsyncram:mem1_rtl_0 ;
+------------------------------------+----------------------+-----------------------------+
; Parameter Name                     ; Value                ; Type                        ;
+------------------------------------+----------------------+-----------------------------+
; BYTE_SIZE_BLOCK                    ; 8                    ; Untyped                     ;
; AUTO_CARRY_CHAINS                  ; ON                   ; AUTO_CARRY                  ;
; IGNORE_CARRY_BUFFERS               ; OFF                  ; IGNORE_CARRY                ;
; AUTO_CASCADE_CHAINS                ; ON                   ; AUTO_CASCADE                ;
; IGNORE_CASCADE_BUFFERS             ; OFF                  ; IGNORE_CASCADE              ;
; WIDTH_BYTEENA                      ; 1                    ; Untyped                     ;
; OPERATION_MODE                     ; DUAL_PORT            ; Untyped                     ;
; WIDTH_A                            ; 16                   ; Untyped                     ;
; WIDTHAD_A                          ; 4                    ; Untyped                     ;
; NUMWORDS_A                         ; 16                   ; Untyped                     ;
; OUTDATA_REG_A                      ; UNREGISTERED         ; Untyped                     ;
; ADDRESS_ACLR_A                     ; NONE                 ; Untyped                     ;
; OUTDATA_ACLR_A                     ; NONE                 ; Untyped                     ;
; WRCONTROL_ACLR_A                   ; NONE                 ; Untyped                     ;
; INDATA_ACLR_A                      ; NONE                 ; Untyped                     ;
; BYTEENA_ACLR_A                     ; NONE                 ; Untyped                     ;
; WIDTH_B                            ; 16                   ; Untyped                     ;
; WIDTHAD_B                          ; 4                    ; Untyped                     ;
; NUMWORDS_B                         ; 16                   ; Untyped                     ;
; INDATA_REG_B                       ; CLOCK1               ; Untyped                     ;
; WRCONTROL_WRADDRESS_REG_B          ; CLOCK1               ; Untyped                     ;
; RDCONTROL_REG_B                    ; CLOCK0               ; Untyped                     ;
; ADDRESS_REG_B                      ; CLOCK0               ; Untyped                     ;
; OUTDATA_REG_B                      ; UNREGISTERED         ; Untyped                     ;
; BYTEENA_REG_B                      ; CLOCK1               ; Untyped                     ;
; INDATA_ACLR_B                      ; NONE                 ; Untyped                     ;
; WRCONTROL_ACLR_B                   ; NONE                 ; Untyped                     ;
; ADDRESS_ACLR_B                     ; NONE                 ; Untyped                     ;
; OUTDATA_ACLR_B                     ; NONE                 ; Untyped                     ;
; RDCONTROL_ACLR_B                   ; NONE                 ; Untyped                     ;
; BYTEENA_ACLR_B                     ; NONE                 ; Untyped                     ;
; WIDTH_BYTEENA_A                    ; 1                    ; Untyped                     ;
; WIDTH_BYTEENA_B                    ; 1                    ; Untyped                     ;
; RAM_BLOCK_TYPE                     ; AUTO                 ; Untyped                     ;
; BYTE_SIZE                          ; 8                    ; Untyped                     ;
; READ_DURING_WRITE_MODE_MIXED_PORTS ; OLD_DATA             ; Untyped                     ;
; READ_DURING_WRITE_MODE_PORT_A      ; NEW_DATA_NO_NBE_READ ; Untyped                     ;
; READ_DURING_WRITE_MODE_PORT_B      ; NEW_DATA_NO_NBE_READ ; Untyped                     ;
; INIT_FILE                          ; UNUSED               ; Untyped                     ;
; INIT_FILE_LAYOUT                   ; PORT_A               ; Untyped                     ;
; MAXIMUM_DEPTH                      ; 0                    ; Untyped                     ;
; CLOCK_ENABLE_INPUT_A               ; NORMAL               ; Untyped                     ;
; CLOCK_ENABLE_INPUT_B               ; NORMAL               ; Untyped                     ;
; CLOCK_ENABLE_OUTPUT_A              ; NORMAL               ; Untyped                     ;
; CLOCK_ENABLE_OUTPUT_B              ; NORMAL               ; Untyped                     ;
; CLOCK_ENABLE_CORE_A                ; USE_INPUT_CLKEN      ; Untyped                     ;
; CLOCK_ENABLE_CORE_B                ; USE_INPUT_CLKEN      ; Untyped                     ;
; ENABLE_ECC                         ; FALSE                ; Untyped                     ;
; ECC_PIPELINE_STAGE_ENABLED         ; FALSE                ; Untyped                     ;
; WIDTH_ECCSTATUS                    ; 3                    ; Untyped                     ;
; DEVICE_FAMILY                      ; Cyclone V            ; Untyped                     ;
; CBXI_PARAMETER                     ; altsyncram_00q1      ; Untyped                     ;
+------------------------------------+----------------------+-----------------------------+
Note: In order to hide this table in the UI and the text report file, please set the "Show Parameter Settings in Synthesis Report" option in "Analysis and Synthesis Settings -> More Settings" to "Off".


+----------------------------------------------------------------------------------------------+
; Parameter Settings for Inferred Entity Instance: cpu:mycpu|IM:iIM|altsyncram:instr_mem_rtl_0 ;
+------------------------------------+--------------------------------+------------------------+
; Parameter Name                     ; Value                          ; Type                   ;
+------------------------------------+--------------------------------+------------------------+
; BYTE_SIZE_BLOCK                    ; 8                              ; Untyped                ;
; AUTO_CARRY_CHAINS                  ; ON                             ; AUTO_CARRY             ;
; IGNORE_CARRY_BUFFERS               ; OFF                            ; IGNORE_CARRY           ;
; AUTO_CASCADE_CHAINS                ; ON                             ; AUTO_CASCADE           ;
; IGNORE_CASCADE_BUFFERS             ; OFF                            ; IGNORE_CASCADE         ;
; WIDTH_BYTEENA                      ; 1                              ; Untyped                ;
; OPERATION_MODE                     ; ROM                            ; Untyped                ;
; WIDTH_A                            ; 16                             ; Untyped                ;
; WIDTHAD_A                          ; 15                             ; Untyped                ;
; NUMWORDS_A                         ; 16536                          ; Untyped                ;
; OUTDATA_REG_A                      ; UNREGISTERED                   ; Untyped                ;
; ADDRESS_ACLR_A                     ; NONE                           ; Untyped                ;
; OUTDATA_ACLR_A                     ; NONE                           ; Untyped                ;
; WRCONTROL_ACLR_A                   ; NONE                           ; Untyped                ;
; INDATA_ACLR_A                      ; NONE                           ; Untyped                ;
; BYTEENA_ACLR_A                     ; NONE                           ; Untyped                ;
; WIDTH_B                            ; 1                              ; Untyped                ;
; WIDTHAD_B                          ; 1                              ; Untyped                ;
; NUMWORDS_B                         ; 1                              ; Untyped                ;
; INDATA_REG_B                       ; CLOCK1                         ; Untyped                ;
; WRCONTROL_WRADDRESS_REG_B          ; CLOCK1                         ; Untyped                ;
; RDCONTROL_REG_B                    ; CLOCK1                         ; Untyped                ;
; ADDRESS_REG_B                      ; CLOCK1                         ; Untyped                ;
; OUTDATA_REG_B                      ; UNREGISTERED                   ; Untyped                ;
; BYTEENA_REG_B                      ; CLOCK1                         ; Untyped                ;
; INDATA_ACLR_B                      ; NONE                           ; Untyped                ;
; WRCONTROL_ACLR_B                   ; NONE                           ; Untyped                ;
; ADDRESS_ACLR_B                     ; NONE                           ; Untyped                ;
; OUTDATA_ACLR_B                     ; NONE                           ; Untyped                ;
; RDCONTROL_ACLR_B                   ; NONE                           ; Untyped                ;
; BYTEENA_ACLR_B                     ; NONE                           ; Untyped                ;
; WIDTH_BYTEENA_A                    ; 1                              ; Untyped                ;
; WIDTH_BYTEENA_B                    ; 1                              ; Untyped                ;
; RAM_BLOCK_TYPE                     ; AUTO                           ; Untyped                ;
; BYTE_SIZE                          ; 8                              ; Untyped                ;
; READ_DURING_WRITE_MODE_MIXED_PORTS ; DONT_CARE                      ; Untyped                ;
; READ_DURING_WRITE_MODE_PORT_A      ; NEW_DATA_NO_NBE_READ           ; Untyped                ;
; READ_DURING_WRITE_MODE_PORT_B      ; NEW_DATA_NO_NBE_READ           ; Untyped                ;
; INIT_FILE                          ; db/mini_01.ram0_IM_936.hdl.mif ; Untyped                ;
; INIT_FILE_LAYOUT                   ; PORT_A                         ; Untyped                ;
; MAXIMUM_DEPTH                      ; 0                              ; Untyped                ;
; CLOCK_ENABLE_INPUT_A               ; NORMAL                         ; Untyped                ;
; CLOCK_ENABLE_INPUT_B               ; NORMAL                         ; Untyped                ;
; CLOCK_ENABLE_OUTPUT_A              ; NORMAL                         ; Untyped                ;
; CLOCK_ENABLE_OUTPUT_B              ; NORMAL                         ; Untyped                ;
; CLOCK_ENABLE_CORE_A                ; USE_INPUT_CLKEN                ; Untyped                ;
; CLOCK_ENABLE_CORE_B                ; USE_INPUT_CLKEN                ; Untyped                ;
; ENABLE_ECC                         ; FALSE                          ; Untyped                ;
; ECC_PIPELINE_STAGE_ENABLED         ; FALSE                          ; Untyped                ;
; WIDTH_ECCSTATUS                    ; 3                              ; Untyped                ;
; DEVICE_FAMILY                      ; Cyclone V                      ; Untyped                ;
; CBXI_PARAMETER                     ; altsyncram_0ac1                ; Untyped                ;
+------------------------------------+--------------------------------+------------------------+
Note: In order to hide this table in the UI and the text report file, please set the "Show Parameter Settings in Synthesis Report" option in "Analysis and Synthesis Settings -> More Settings" to "Off".


+-----------------------------------------------------------------------------------------+
; altsyncram Parameter Settings by Entity Instance                                        ;
+-------------------------------------------+---------------------------------------------+
; Name                                      ; Value                                       ;
+-------------------------------------------+---------------------------------------------+
; Number of entity instances                ; 4                                           ;
; Entity Instance                           ; cpu:mycpu|DM:iDM|altsyncram:data_mem_rtl_0  ;
;     -- OPERATION_MODE                     ; DUAL_PORT                                   ;
;     -- WIDTH_A                            ; 16                                          ;
;     -- NUMWORDS_A                         ; 8192                                        ;
;     -- OUTDATA_REG_A                      ; UNREGISTERED                                ;
;     -- WIDTH_B                            ; 16                                          ;
;     -- NUMWORDS_B                         ; 8192                                        ;
;     -- ADDRESS_REG_B                      ; CLOCK0                                      ;
;     -- OUTDATA_REG_B                      ; UNREGISTERED                                ;
;     -- RAM_BLOCK_TYPE                     ; AUTO                                        ;
;     -- READ_DURING_WRITE_MODE_MIXED_PORTS ; OLD_DATA                                    ;
; Entity Instance                           ; cpu:mycpu|rf:iRF|altsyncram:mem0_rtl_0      ;
;     -- OPERATION_MODE                     ; DUAL_PORT                                   ;
;     -- WIDTH_A                            ; 16                                          ;
;     -- NUMWORDS_A                         ; 16                                          ;
;     -- OUTDATA_REG_A                      ; UNREGISTERED                                ;
;     -- WIDTH_B                            ; 16                                          ;
;     -- NUMWORDS_B                         ; 16                                          ;
;     -- ADDRESS_REG_B                      ; CLOCK0                                      ;
;     -- OUTDATA_REG_B                      ; UNREGISTERED                                ;
;     -- RAM_BLOCK_TYPE                     ; AUTO                                        ;
;     -- READ_DURING_WRITE_MODE_MIXED_PORTS ; OLD_DATA                                    ;
; Entity Instance                           ; cpu:mycpu|rf:iRF|altsyncram:mem1_rtl_0      ;
;     -- OPERATION_MODE                     ; DUAL_PORT                                   ;
;     -- WIDTH_A                            ; 16                                          ;
;     -- NUMWORDS_A                         ; 16                                          ;
;     -- OUTDATA_REG_A                      ; UNREGISTERED                                ;
;     -- WIDTH_B                            ; 16                                          ;
;     -- NUMWORDS_B                         ; 16                                          ;
;     -- ADDRESS_REG_B                      ; CLOCK0                                      ;
;     -- OUTDATA_REG_B                      ; UNREGISTERED                                ;
;     -- RAM_BLOCK_TYPE                     ; AUTO                                        ;
;     -- READ_DURING_WRITE_MODE_MIXED_PORTS ; OLD_DATA                                    ;
; Entity Instance                           ; cpu:mycpu|IM:iIM|altsyncram:instr_mem_rtl_0 ;
;     -- OPERATION_MODE                     ; ROM                                         ;
;     -- WIDTH_A                            ; 16                                          ;
;     -- NUMWORDS_A                         ; 16536                                       ;
;     -- OUTDATA_REG_A                      ; UNREGISTERED                                ;
;     -- WIDTH_B                            ; 1                                           ;
;     -- NUMWORDS_B                         ; 1                                           ;
;     -- ADDRESS_REG_B                      ; CLOCK1                                      ;
;     -- OUTDATA_REG_B                      ; UNREGISTERED                                ;
;     -- RAM_BLOCK_TYPE                     ; AUTO                                        ;
;     -- READ_DURING_WRITE_MODE_MIXED_PORTS ; DONT_CARE                                   ;
+-------------------------------------------+---------------------------------------------+


+----------------------------------------------+
; Port Connectivity Checks: "cpu:mycpu|IM:iIM" ;
+-------+-------+----------+-------------------+
; Port  ; Type  ; Severity ; Details           ;
+-------+-------+----------+-------------------+
; rd_en ; Input ; Info     ; Stuck at VCC      ;
+-------+-------+----------+-------------------+


+----------------------------------------------------------------------------------------------------------------------------------------------------------+
; Port Connectivity Checks: "cpu:mycpu"                                                                                                                    ;
+-------+--------+----------+------------------------------------------------------------------------------------------------------------------------------+
; Port  ; Type   ; Severity ; Details                                                                                                                      ;
+-------+--------+----------+------------------------------------------------------------------------------------------------------------------------------+
; wdata ; Output ; Warning  ; Output or bidir port (16 bits) is wider than the port expression (10 bits) it drives; bit(s) "wdata[15..10]" have no fanouts ;
; addr  ; Output ; Info     ; Explicitly unconnected                                                                                                       ;
+-------+--------+----------+------------------------------------------------------------------------------------------------------------------------------+


+-----------------------------------------------------+
; Post-Synthesis Netlist Statistics for Top Partition ;
+-----------------------+-----------------------------+
; Type                  ; Count                       ;
+-----------------------+-----------------------------+
; arriav_ff             ; 238                         ;
;     CLR               ; 10                          ;
;     ENA               ; 36                          ;
;     ENA CLR           ; 18                          ;
;     ENA CLR SLD       ; 16                          ;
;     SCLR SLD          ; 32                          ;
;     plain             ; 126                         ;
; arriav_lcell_comb     ; 321                         ;
;     arith             ; 16                          ;
;         1 data inputs ; 16                          ;
;     normal            ; 289                         ;
;         2 data inputs ; 10                          ;
;         3 data inputs ; 44                          ;
;         4 data inputs ; 41                          ;
;         5 data inputs ; 72                          ;
;         6 data inputs ; 122                         ;
;     shared            ; 16                          ;
;         3 data inputs ; 16                          ;
; boundary_port         ; 28                          ;
; stratixv_ram_block    ; 80                          ;
;                       ;                             ;
; Max LUT depth         ; 10.50                       ;
; Average LUT depth     ; 5.42                        ;
+-----------------------+-----------------------------+


+-------------------------------+
; Elapsed Time Per Partition    ;
+----------------+--------------+
; Partition Name ; Elapsed Time ;
+----------------+--------------+
; Top            ; 00:00:02     ;
+----------------+--------------+


+-------------------------------+
; Analysis & Synthesis Messages ;
+-------------------------------+
Info: *******************************************************************
Info: Running Quartus Prime Analysis & Synthesis
    Info: Version 22.1std.1 Build 917 02/14/2023 SC Lite Edition
    Info: Processing started: Tue Feb  6 18:58:32 2024
Info: Command: quartus_map --read_settings_files=on --write_settings_files=off mini_01 -c mini_01
Warning (18236): Number of processors has not been specified which may cause overloading on shared machines.  Set the global assignment NUM_PARALLEL_PROCESSORS in your QSF to an appropriate value for best performance.
Info (20030): Parallel compilation is enabled and will use 6 of the 6 processors detected
Info (12021): Found 1 design units, including 1 entities, in source file src_mux.v
    Info (12023): Found entity 1: src_mux File: I:/win/554/Mini_0_1/src_mux.v Line: 1
Info (12021): Found 1 design units, including 1 entities, in source file rf.v
    Info (12023): Found entity 1: rf File: I:/win/554/Mini_0_1/rf.v Line: 1
Info (12021): Found 1 design units, including 1 entities, in source file prgm_cntr.v
    Info (12023): Found entity 1: pc File: I:/win/554/Mini_0_1/prgm_cntr.v Line: 1
Info (12021): Found 1 design units, including 1 entities, in source file instr_mem.v
    Info (12023): Found entity 1: IM File: I:/win/554/Mini_0_1/instr_mem.v Line: 1
Info (12021): Found 1 design units, including 1 entities, in source file id.v
    Info (12023): Found entity 1: id File: I:/win/554/Mini_0_1/id.v Line: 1
Info (12021): Found 1 design units, including 1 entities, in source file dst_mux.v
    Info (12023): Found entity 1: dst_mux File: I:/win/554/Mini_0_1/dst_mux.v Line: 1
Info (12021): Found 1 design units, including 1 entities, in source file data_mem.v
    Info (12023): Found entity 1: DM File: I:/win/554/Mini_0_1/data_mem.v Line: 1
Info (12021): Found 1 design units, including 1 entities, in source file cpu_tb.v
    Info (12023): Found entity 1: cpu_tb File: I:/win/554/Mini_0_1/cpu_tb.v Line: 1
Info (12021): Found 1 design units, including 1 entities, in source file cpu.v
    Info (12023): Found entity 1: cpu File: I:/win/554/Mini_0_1/cpu.v Line: 1
Info (12021): Found 1 design units, including 1 entities, in source file br_bool.v
    Info (12023): Found entity 1: br_bool File: I:/win/554/Mini_0_1/br_bool.v Line: 1
Info (12021): Found 1 design units, including 1 entities, in source file alu.v
    Info (12023): Found entity 1: alu File: I:/win/554/Mini_0_1/alu.v Line: 1
Info (12021): Found 1 design units, including 1 entities, in source file mini_01.v
    Info (12023): Found entity 1: mini_01 File: I:/win/554/Mini_0_1/mini_01.v Line: 6
Info (12021): Found 1 design units, including 1 entities, in source file reset_synch.sv
    Info (12023): Found entity 1: reset_synch File: I:/win/554/Mini_0_1/reset_synch.sv Line: 1
Warning (10236): Verilog HDL Implicit Net warning at cpu.v(35): created implicit net for "stall_IM_ID" File: I:/win/554/Mini_0_1/cpu.v Line: 35
Warning (10236): Verilog HDL Implicit Net warning at cpu.v(36): created implicit net for "flow_change_ID_EX" File: I:/win/554/Mini_0_1/cpu.v Line: 36
Warning (10236): Verilog HDL Implicit Net warning at cpu.v(46): created implicit net for "zr_EX_DM" File: I:/win/554/Mini_0_1/cpu.v Line: 46
Warning (10236): Verilog HDL Implicit Net warning at cpu.v(46): created implicit net for "br_instr_ID_EX" File: I:/win/554/Mini_0_1/cpu.v Line: 46
Warning (10236): Verilog HDL Implicit Net warning at cpu.v(47): created implicit net for "jmp_imm_ID_EX" File: I:/win/554/Mini_0_1/cpu.v Line: 47
Warning (10236): Verilog HDL Implicit Net warning at cpu.v(47): created implicit net for "jmp_reg_ID_EX" File: I:/win/554/Mini_0_1/cpu.v Line: 47
Warning (10236): Verilog HDL Implicit Net warning at cpu.v(47): created implicit net for "jmp_imm_EX_DM" File: I:/win/554/Mini_0_1/cpu.v Line: 47
Warning (10236): Verilog HDL Implicit Net warning at cpu.v(47): created implicit net for "rf_re0" File: I:/win/554/Mini_0_1/cpu.v Line: 47
Warning (10236): Verilog HDL Implicit Net warning at cpu.v(48): created implicit net for "rf_re1" File: I:/win/554/Mini_0_1/cpu.v Line: 48
Warning (10236): Verilog HDL Implicit Net warning at cpu.v(48): created implicit net for "rf_we_DM_WB" File: I:/win/554/Mini_0_1/cpu.v Line: 48
Warning (10236): Verilog HDL Implicit Net warning at cpu.v(50): created implicit net for "dm_re_EX_DM" File: I:/win/554/Mini_0_1/cpu.v Line: 50
Warning (10236): Verilog HDL Implicit Net warning at cpu.v(51): created implicit net for "dm_we_EX_DM" File: I:/win/554/Mini_0_1/cpu.v Line: 51
Warning (10236): Verilog HDL Implicit Net warning at cpu.v(51): created implicit net for "clk_z_ID_EX" File: I:/win/554/Mini_0_1/cpu.v Line: 51
Warning (10236): Verilog HDL Implicit Net warning at cpu.v(51): created implicit net for "clk_nv_ID_EX" File: I:/win/554/Mini_0_1/cpu.v Line: 51
Warning (10236): Verilog HDL Implicit Net warning at cpu.v(53): created implicit net for "stall_ID_EX" File: I:/win/554/Mini_0_1/cpu.v Line: 53
Warning (10236): Verilog HDL Implicit Net warning at cpu.v(53): created implicit net for "stall_EX_DM" File: I:/win/554/Mini_0_1/cpu.v Line: 53
Warning (10236): Verilog HDL Implicit Net warning at cpu.v(53): created implicit net for "hlt_DM_WB" File: I:/win/554/Mini_0_1/cpu.v Line: 53
Warning (10236): Verilog HDL Implicit Net warning at cpu.v(54): created implicit net for "byp0_EX" File: I:/win/554/Mini_0_1/cpu.v Line: 54
Warning (10236): Verilog HDL Implicit Net warning at cpu.v(54): created implicit net for "byp0_DM" File: I:/win/554/Mini_0_1/cpu.v Line: 54
Warning (10236): Verilog HDL Implicit Net warning at cpu.v(54): created implicit net for "byp1_EX" File: I:/win/554/Mini_0_1/cpu.v Line: 54
Warning (10236): Verilog HDL Implicit Net warning at cpu.v(54): created implicit net for "byp1_DM" File: I:/win/554/Mini_0_1/cpu.v Line: 54
Warning (10236): Verilog HDL Implicit Net warning at cpu.v(77): created implicit net for "ov" File: I:/win/554/Mini_0_1/cpu.v Line: 77
Warning (10236): Verilog HDL Implicit Net warning at cpu.v(77): created implicit net for "zr" File: I:/win/554/Mini_0_1/cpu.v Line: 77
Warning (10236): Verilog HDL Implicit Net warning at cpu.v(77): created implicit net for "neg" File: I:/win/554/Mini_0_1/cpu.v Line: 77
Warning (10236): Verilog HDL Implicit Net warning at cpu.v(87): created implicit net for "dm_we" File: I:/win/554/Mini_0_1/cpu.v Line: 87
Warning (10236): Verilog HDL Implicit Net warning at alu.v(50): created implicit net for "sat_neg" File: I:/win/554/Mini_0_1/alu.v Line: 50
Warning (10236): Verilog HDL Implicit Net warning at alu.v(51): created implicit net for "sat_pos" File: I:/win/554/Mini_0_1/alu.v Line: 51
Warning (10236): Verilog HDL Implicit Net warning at alu.v(69): created implicit net for "shft_in" File: I:/win/554/Mini_0_1/alu.v Line: 69
Info (12127): Elaborating entity "mini_01" for the top level hierarchy
Info (12128): Elaborating entity "reset_synch" for hierarchy "reset_synch:rst" File: I:/win/554/Mini_0_1/mini_01.v Line: 46
Info (12128): Elaborating entity "cpu" for hierarchy "cpu:mycpu" File: I:/win/554/Mini_0_1/mini_01.v Line: 47
Info (12128): Elaborating entity "pc" for hierarchy "cpu:mycpu|pc:iPC" File: I:/win/554/Mini_0_1/cpu.v Line: 36
Warning (10230): Verilog HDL assignment warning at prgm_cntr.v(27): truncated value with size 32 to match size of target (16) File: I:/win/554/Mini_0_1/prgm_cntr.v Line: 27
Info (12128): Elaborating entity "IM" for hierarchy "cpu:mycpu|IM:iIM" File: I:/win/554/Mini_0_1/cpu.v Line: 41
Warning (10850): Verilog HDL warning at instr_mem.v(19): number of words (5) in memory file does not match the number of elements in the address range [0:16535] File: I:/win/554/Mini_0_1/instr_mem.v Line: 19
Warning (10030): Net "instr_mem.data_a" at instr_mem.v(9) has no driver or initial value, using a default initial value '0' File: I:/win/554/Mini_0_1/instr_mem.v Line: 9
Warning (10030): Net "instr_mem.waddr_a" at instr_mem.v(9) has no driver or initial value, using a default initial value '0' File: I:/win/554/Mini_0_1/instr_mem.v Line: 9
Warning (10030): Net "instr_mem.we_a" at instr_mem.v(9) has no driver or initial value, using a default initial value '0' File: I:/win/554/Mini_0_1/instr_mem.v Line: 9
Info (12128): Elaborating entity "id" for hierarchy "cpu:mycpu|id:iID" File: I:/win/554/Mini_0_1/cpu.v Line: 55
Info (12128): Elaborating entity "rf" for hierarchy "cpu:mycpu|rf:iRF" File: I:/win/554/Mini_0_1/cpu.v Line: 62
Info (12128): Elaborating entity "src_mux" for hierarchy "cpu:mycpu|src_mux:ISRCMUX" File: I:/win/554/Mini_0_1/cpu.v Line: 71
Info (12128): Elaborating entity "alu" for hierarchy "cpu:mycpu|alu:iALU" File: I:/win/554/Mini_0_1/cpu.v Line: 77
Warning (10230): Verilog HDL assignment warning at alu.v(42): truncated value with size 32 to match size of target (1) File: I:/win/554/Mini_0_1/alu.v Line: 42
Warning (10230): Verilog HDL assignment warning at alu.v(50): truncated value with size 32 to match size of target (1) File: I:/win/554/Mini_0_1/alu.v Line: 50
Warning (10230): Verilog HDL assignment warning at alu.v(51): truncated value with size 32 to match size of target (1) File: I:/win/554/Mini_0_1/alu.v Line: 51
Warning (10230): Verilog HDL assignment warning at alu.v(69): truncated value with size 32 to match size of target (1) File: I:/win/554/Mini_0_1/alu.v Line: 69
Info (12128): Elaborating entity "DM" for hierarchy "cpu:mycpu|DM:iDM" File: I:/win/554/Mini_0_1/cpu.v Line: 96
Info (12128): Elaborating entity "dst_mux" for hierarchy "cpu:mycpu|dst_mux:iDSTMUX" File: I:/win/554/Mini_0_1/cpu.v Line: 103
Info (12128): Elaborating entity "br_bool" for hierarchy "cpu:mycpu|br_bool:iBRL" File: I:/win/554/Mini_0_1/cpu.v Line: 111
Info (19000): Inferred 4 megafunctions from design logic
    Info (276029): Inferred altsyncram megafunction from the following design logic: "cpu:mycpu|DM:iDM|data_mem_rtl_0" 
        Info (286033): Parameter OPERATION_MODE set to DUAL_PORT
        Info (286033): Parameter WIDTH_A set to 16
        Info (286033): Parameter WIDTHAD_A set to 13
        Info (286033): Parameter NUMWORDS_A set to 8192
        Info (286033): Parameter WIDTH_B set to 16
        Info (286033): Parameter WIDTHAD_B set to 13
        Info (286033): Parameter NUMWORDS_B set to 8192
        Info (286033): Parameter ADDRESS_ACLR_A set to NONE
        Info (286033): Parameter OUTDATA_REG_B set to UNREGISTERED
        Info (286033): Parameter ADDRESS_ACLR_B set to NONE
        Info (286033): Parameter OUTDATA_ACLR_B set to NONE
        Info (286033): Parameter ADDRESS_REG_B set to CLOCK0
        Info (286033): Parameter INDATA_ACLR_A set to NONE
        Info (286033): Parameter WRCONTROL_ACLR_A set to NONE
        Info (286033): Parameter READ_DURING_WRITE_MODE_MIXED_PORTS set to OLD_DATA
        Info (286033): Parameter RDCONTROL_REG_B set to CLOCK0
    Info (276029): Inferred altsyncram megafunction from the following design logic: "cpu:mycpu|rf:iRF|mem0_rtl_0" 
        Info (286033): Parameter OPERATION_MODE set to DUAL_PORT
        Info (286033): Parameter WIDTH_A set to 16
        Info (286033): Parameter WIDTHAD_A set to 4
        Info (286033): Parameter NUMWORDS_A set to 16
        Info (286033): Parameter WIDTH_B set to 16
        Info (286033): Parameter WIDTHAD_B set to 4
        Info (286033): Parameter NUMWORDS_B set to 16
        Info (286033): Parameter ADDRESS_ACLR_A set to NONE
        Info (286033): Parameter OUTDATA_REG_B set to UNREGISTERED
        Info (286033): Parameter ADDRESS_ACLR_B set to NONE
        Info (286033): Parameter OUTDATA_ACLR_B set to NONE
        Info (286033): Parameter ADDRESS_REG_B set to CLOCK0
        Info (286033): Parameter INDATA_ACLR_A set to NONE
        Info (286033): Parameter WRCONTROL_ACLR_A set to NONE
        Info (286033): Parameter READ_DURING_WRITE_MODE_MIXED_PORTS set to OLD_DATA
        Info (286033): Parameter RDCONTROL_REG_B set to CLOCK0
    Info (276029): Inferred altsyncram megafunction from the following design logic: "cpu:mycpu|rf:iRF|mem1_rtl_0" 
        Info (286033): Parameter OPERATION_MODE set to DUAL_PORT
        Info (286033): Parameter WIDTH_A set to 16
        Info (286033): Parameter WIDTHAD_A set to 4
        Info (286033): Parameter NUMWORDS_A set to 16
        Info (286033): Parameter WIDTH_B set to 16
        Info (286033): Parameter WIDTHAD_B set to 4
        Info (286033): Parameter NUMWORDS_B set to 16
        Info (286033): Parameter ADDRESS_ACLR_A set to NONE
        Info (286033): Parameter OUTDATA_REG_B set to UNREGISTERED
        Info (286033): Parameter ADDRESS_ACLR_B set to NONE
        Info (286033): Parameter OUTDATA_ACLR_B set to NONE
        Info (286033): Parameter ADDRESS_REG_B set to CLOCK0
        Info (286033): Parameter INDATA_ACLR_A set to NONE
        Info (286033): Parameter WRCONTROL_ACLR_A set to NONE
        Info (286033): Parameter READ_DURING_WRITE_MODE_MIXED_PORTS set to OLD_DATA
        Info (286033): Parameter RDCONTROL_REG_B set to CLOCK0
    Info (276029): Inferred altsyncram megafunction from the following design logic: "cpu:mycpu|IM:iIM|instr_mem_rtl_0" 
        Info (286033): Parameter OPERATION_MODE set to ROM
        Info (286033): Parameter WIDTH_A set to 16
        Info (286033): Parameter WIDTHAD_A set to 15
        Info (286033): Parameter NUMWORDS_A set to 16536
        Info (286033): Parameter OUTDATA_REG_A set to UNREGISTERED
        Info (286033): Parameter ADDRESS_ACLR_A set to NONE
        Info (286033): Parameter OUTDATA_ACLR_A set to NONE
        Info (286033): Parameter INDATA_ACLR_A set to NONE
        Info (286033): Parameter WRCONTROL_ACLR_A set to NONE
        Info (286033): Parameter INIT_FILE set to db/mini_01.ram0_IM_936.hdl.mif
Info (12130): Elaborated megafunction instantiation "cpu:mycpu|DM:iDM|altsyncram:data_mem_rtl_0"
Info (12133): Instantiated megafunction "cpu:mycpu|DM:iDM|altsyncram:data_mem_rtl_0" with the following parameter:
    Info (12134): Parameter "OPERATION_MODE" = "DUAL_PORT"
    Info (12134): Parameter "WIDTH_A" = "16"
    Info (12134): Parameter "WIDTHAD_A" = "13"
    Info (12134): Parameter "NUMWORDS_A" = "8192"
    Info (12134): Parameter "WIDTH_B" = "16"
    Info (12134): Parameter "WIDTHAD_B" = "13"
    Info (12134): Parameter "NUMWORDS_B" = "8192"
    Info (12134): Parameter "ADDRESS_ACLR_A" = "NONE"
    Info (12134): Parameter "OUTDATA_REG_B" = "UNREGISTERED"
    Info (12134): Parameter "ADDRESS_ACLR_B" = "NONE"
    Info (12134): Parameter "OUTDATA_ACLR_B" = "NONE"
    Info (12134): Parameter "ADDRESS_REG_B" = "CLOCK0"
    Info (12134): Parameter "INDATA_ACLR_A" = "NONE"
    Info (12134): Parameter "WRCONTROL_ACLR_A" = "NONE"
    Info (12134): Parameter "READ_DURING_WRITE_MODE_MIXED_PORTS" = "OLD_DATA"
    Info (12134): Parameter "RDCONTROL_REG_B" = "CLOCK0"
Info (12021): Found 1 design units, including 1 entities, in source file db/altsyncram_q9q1.tdf
    Info (12023): Found entity 1: altsyncram_q9q1 File: I:/win/554/Mini_0_1/db/altsyncram_q9q1.tdf Line: 28
Info (12130): Elaborated megafunction instantiation "cpu:mycpu|rf:iRF|altsyncram:mem0_rtl_0"
Info (12133): Instantiated megafunction "cpu:mycpu|rf:iRF|altsyncram:mem0_rtl_0" with the following parameter:
    Info (12134): Parameter "OPERATION_MODE" = "DUAL_PORT"
    Info (12134): Parameter "WIDTH_A" = "16"
    Info (12134): Parameter "WIDTHAD_A" = "4"
    Info (12134): Parameter "NUMWORDS_A" = "16"
    Info (12134): Parameter "WIDTH_B" = "16"
    Info (12134): Parameter "WIDTHAD_B" = "4"
    Info (12134): Parameter "NUMWORDS_B" = "16"
    Info (12134): Parameter "ADDRESS_ACLR_A" = "NONE"
    Info (12134): Parameter "OUTDATA_REG_B" = "UNREGISTERED"
    Info (12134): Parameter "ADDRESS_ACLR_B" = "NONE"
    Info (12134): Parameter "OUTDATA_ACLR_B" = "NONE"
    Info (12134): Parameter "ADDRESS_REG_B" = "CLOCK0"
    Info (12134): Parameter "INDATA_ACLR_A" = "NONE"
    Info (12134): Parameter "WRCONTROL_ACLR_A" = "NONE"
    Info (12134): Parameter "READ_DURING_WRITE_MODE_MIXED_PORTS" = "OLD_DATA"
    Info (12134): Parameter "RDCONTROL_REG_B" = "CLOCK0"
Info (12021): Found 1 design units, including 1 entities, in source file db/altsyncram_00q1.tdf
    Info (12023): Found entity 1: altsyncram_00q1 File: I:/win/554/Mini_0_1/db/altsyncram_00q1.tdf Line: 28
Info (12130): Elaborated megafunction instantiation "cpu:mycpu|IM:iIM|altsyncram:instr_mem_rtl_0"
Info (12133): Instantiated megafunction "cpu:mycpu|IM:iIM|altsyncram:instr_mem_rtl_0" with the following parameter:
    Info (12134): Parameter "OPERATION_MODE" = "ROM"
    Info (12134): Parameter "WIDTH_A" = "16"
    Info (12134): Parameter "WIDTHAD_A" = "15"
    Info (12134): Parameter "NUMWORDS_A" = "16536"
    Info (12134): Parameter "OUTDATA_REG_A" = "UNREGISTERED"
    Info (12134): Parameter "ADDRESS_ACLR_A" = "NONE"
    Info (12134): Parameter "OUTDATA_ACLR_A" = "NONE"
    Info (12134): Parameter "INDATA_ACLR_A" = "NONE"
    Info (12134): Parameter "WRCONTROL_ACLR_A" = "NONE"
    Info (12134): Parameter "INIT_FILE" = "db/mini_01.ram0_IM_936.hdl.mif"
Info (12021): Found 1 design units, including 1 entities, in source file db/altsyncram_0ac1.tdf
    Info (12023): Found entity 1: altsyncram_0ac1 File: I:/win/554/Mini_0_1/db/altsyncram_0ac1.tdf Line: 32
Info (12021): Found 1 design units, including 1 entities, in source file db/decode_01a.tdf
    Info (12023): Found entity 1: decode_01a File: I:/win/554/Mini_0_1/db/decode_01a.tdf Line: 23
Info (12021): Found 1 design units, including 1 entities, in source file db/mux_6hb.tdf
    Info (12023): Found entity 1: mux_6hb File: I:/win/554/Mini_0_1/db/mux_6hb.tdf Line: 23
Warning (14284): Synthesized away the following node(s):
    Warning (14285): Synthesized away the following RAM node(s):
        Warning (14320): Synthesized away node "cpu:mycpu|IM:iIM|altsyncram:instr_mem_rtl_0|altsyncram_0ac1:auto_generated|ram_block1a32" File: I:/win/554/Mini_0_1/db/altsyncram_0ac1.tdf Line: 714
        Warning (14320): Synthesized away node "cpu:mycpu|IM:iIM|altsyncram:instr_mem_rtl_0|altsyncram_0ac1:auto_generated|ram_block1a33" File: I:/win/554/Mini_0_1/db/altsyncram_0ac1.tdf Line: 735
        Warning (14320): Synthesized away node "cpu:mycpu|IM:iIM|altsyncram:instr_mem_rtl_0|altsyncram_0ac1:auto_generated|ram_block1a34" File: I:/win/554/Mini_0_1/db/altsyncram_0ac1.tdf Line: 756
        Warning (14320): Synthesized away node "cpu:mycpu|IM:iIM|altsyncram:instr_mem_rtl_0|altsyncram_0ac1:auto_generated|ram_block1a35" File: I:/win/554/Mini_0_1/db/altsyncram_0ac1.tdf Line: 777
        Warning (14320): Synthesized away node "cpu:mycpu|IM:iIM|altsyncram:instr_mem_rtl_0|altsyncram_0ac1:auto_generated|ram_block1a36" File: I:/win/554/Mini_0_1/db/altsyncram_0ac1.tdf Line: 798
        Warning (14320): Synthesized away node "cpu:mycpu|IM:iIM|altsyncram:instr_mem_rtl_0|altsyncram_0ac1:auto_generated|ram_block1a37" File: I:/win/554/Mini_0_1/db/altsyncram_0ac1.tdf Line: 819
        Warning (14320): Synthesized away node "cpu:mycpu|IM:iIM|altsyncram:instr_mem_rtl_0|altsyncram_0ac1:auto_generated|ram_block1a38" File: I:/win/554/Mini_0_1/db/altsyncram_0ac1.tdf Line: 840
        Warning (14320): Synthesized away node "cpu:mycpu|IM:iIM|altsyncram:instr_mem_rtl_0|altsyncram_0ac1:auto_generated|ram_block1a39" File: I:/win/554/Mini_0_1/db/altsyncram_0ac1.tdf Line: 861
        Warning (14320): Synthesized away node "cpu:mycpu|IM:iIM|altsyncram:instr_mem_rtl_0|altsyncram_0ac1:auto_generated|ram_block1a40" File: I:/win/554/Mini_0_1/db/altsyncram_0ac1.tdf Line: 882
        Warning (14320): Synthesized away node "cpu:mycpu|IM:iIM|altsyncram:instr_mem_rtl_0|altsyncram_0ac1:auto_generated|ram_block1a41" File: I:/win/554/Mini_0_1/db/altsyncram_0ac1.tdf Line: 903
        Warning (14320): Synthesized away node "cpu:mycpu|IM:iIM|altsyncram:instr_mem_rtl_0|altsyncram_0ac1:auto_generated|ram_block1a42" File: I:/win/554/Mini_0_1/db/altsyncram_0ac1.tdf Line: 924
        Warning (14320): Synthesized away node "cpu:mycpu|IM:iIM|altsyncram:instr_mem_rtl_0|altsyncram_0ac1:auto_generated|ram_block1a43" File: I:/win/554/Mini_0_1/db/altsyncram_0ac1.tdf Line: 945
        Warning (14320): Synthesized away node "cpu:mycpu|IM:iIM|altsyncram:instr_mem_rtl_0|altsyncram_0ac1:auto_generated|ram_block1a44" File: I:/win/554/Mini_0_1/db/altsyncram_0ac1.tdf Line: 966
        Warning (14320): Synthesized away node "cpu:mycpu|IM:iIM|altsyncram:instr_mem_rtl_0|altsyncram_0ac1:auto_generated|ram_block1a45" File: I:/win/554/Mini_0_1/db/altsyncram_0ac1.tdf Line: 987
        Warning (14320): Synthesized away node "cpu:mycpu|IM:iIM|altsyncram:instr_mem_rtl_0|altsyncram_0ac1:auto_generated|ram_block1a46" File: I:/win/554/Mini_0_1/db/altsyncram_0ac1.tdf Line: 1008
        Warning (14320): Synthesized away node "cpu:mycpu|IM:iIM|altsyncram:instr_mem_rtl_0|altsyncram_0ac1:auto_generated|ram_block1a47" File: I:/win/554/Mini_0_1/db/altsyncram_0ac1.tdf Line: 1029
Warning (12241): 1 hierarchies have connectivity warnings - see the Connectivity Checks report folder
Info (286030): Timing-Driven Synthesis is running
Info (144001): Generated suppressed messages file I:/win/554/Mini_0_1/mini_01.map.smsg
Info (16010): Generating hard_block partition "hard_block:auto_generated_inst"
    Info (16011): Adding 0 node(s), including 0 DDIO, 0 PLL, 0 transceiver and 0 LCELL
Warning (21074): Design contains 6 input pin(s) that do not drive logic
    Warning (15610): No output dependent on input pin "CLOCK2_50" File: I:/win/554/Mini_0_1/mini_01.v Line: 9
    Warning (15610): No output dependent on input pin "CLOCK3_50" File: I:/win/554/Mini_0_1/mini_01.v Line: 10
    Warning (15610): No output dependent on input pin "CLOCK4_50" File: I:/win/554/Mini_0_1/mini_01.v Line: 11
    Warning (15610): No output dependent on input pin "KEY[1]" File: I:/win/554/Mini_0_1/mini_01.v Line: 15
    Warning (15610): No output dependent on input pin "KEY[2]" File: I:/win/554/Mini_0_1/mini_01.v Line: 15
    Warning (15610): No output dependent on input pin "KEY[3]" File: I:/win/554/Mini_0_1/mini_01.v Line: 15
Info (21057): Implemented 609 device resources after synthesis - the final resource count might be different
    Info (21058): Implemented 18 input pins
    Info (21059): Implemented 10 output pins
    Info (21061): Implemented 501 logic cells
    Info (21064): Implemented 80 RAM segments
Info: Quartus Prime Analysis & Synthesis was successful. 0 errors, 64 warnings
    Info: Peak virtual memory: 4871 megabytes
    Info: Processing ended: Tue Feb  6 18:58:47 2024
    Info: Elapsed time: 00:00:15
    Info: Total CPU time (on all processors): 00:00:09


+------------------------------------------+
; Analysis & Synthesis Suppressed Messages ;
+------------------------------------------+
The suppressed messages can be found in I:/win/554/Mini_0_1/mini_01.map.smsg.


